[s6:04145] *** Process received signal ***
[s6:04145] Signal: Segmentation fault (11)
[s6:04145] Signal code: Address not mapped (1)
[s6:04145] Failing at address: 0x148e7b9f60
[s6:04145] [ 0] /lib64/libpthread.so.0(+0xf630)[0x2ba54ce3a630]
[s6:04145] [ 1] /sw/parallel/openmpi/snowy-centos7/4.1.4gcc12.2.0/lib/openmpi/mca_allocator_bucket.so(mca_allocator_bucket_free+0x2f)[0x2ba55c63e52f]
[s6:04145] [ 2] /sw/parallel/openmpi/snowy-centos7/4.1.4gcc12.2.0/lib/openmpi/mca_pml_ob1.so(mca_pml_ob1_recv_req_start+0x220)[0x2ba560e325f0]
[s6:04145] [ 3] /sw/parallel/openmpi/snowy-centos7/4.1.4gcc12.2.0/lib/openmpi/mca_pml_ob1.so(mca_pml_ob1_recv+0x11c)[0x2ba560e2408c]
[s6:04145] [ 4] /sw/parallel/openmpi/snowy-centos7/4.1.4gcc12.2.0/lib/openmpi/mca_coll_basic.so(mca_coll_basic_gatherv_intra+0x182)[0x2ba56124e822]
[s6:04145] [ 5] /opt/openmpi/4.1.4gcc12.2.0/lib/libmpi.so.40(MPI_Gatherv+0xf1)[0x2ba54cb6b541]
[s6:04145] [ 6] ./matrix[0x401a9a]
[s6:04145] [ 7] /lib64/libc.so.6(__libc_start_main+0xf5)[0x2ba54d069555]
[s6:04145] [ 8] ./matrix[0x401bd2]
[s6:04145] *** End of error message ***
--------------------------------------------------------------------------
Primary job  terminated normally, but 1 process returned
a non-zero exit code. Per user-direction, the job has been aborted.
--------------------------------------------------------------------------
--------------------------------------------------------------------------
mpirun noticed that process rank 0 with PID 0 on node s6 exited on signal 11 (Segmentation fault).
--------------------------------------------------------------------------
