Extracting and entering A2 directory
Building
rm -f matmul
mpicc -std=c99 -g -O3 -o matmul test_arrays.c -lm
OK
Checking result of serial runs
--------------------------------------------------------------------------
By default, for Open MPI 4.0 and later, infiniband ports on a device
are not used by default.  The intent is to use UCX for these devices.
You can override this policy by setting the btl_openib_allow_ib MCA parameter
to true.

  Local host:              s201
  Local adapter:           mlx4_0
  Local port:              1

--------------------------------------------------------------------------
--------------------------------------------------------------------------
WARNING: There was an error initializing an OpenFabrics device.

  Local host:   s201
  Local device: mlx4_0
--------------------------------------------------------------------------
cat: output_to_remove.txt: No such file or directory
Wrong result for command ./matmul /proj/uppmax2023-2-13/nobackup/matmul_indata/input4.txt output_to_remove.txt
