0.538543
[s148:52071] *** Process received signal ***
[s148:52071] Signal: Segmentation fault (11)
[s148:52071] Signal code: Address not mapped (1)
[s148:52071] Failing at address: 0x14ca808
[s148:52072] *** Process received signal ***
[s148:52072] Signal: Segmentation fault (11)
[s148:52072] Signal code: Address not mapped (1)
[s148:52072] Failing at address: 0xcb1c98
[s148:52071] [ 0] [s148:52072] [ 0] /lib64/libpthread.so.0(+0xf630)[0x2af0c055d630]
[s148:52071] [ 1] ./cg[0x40181b]
[s148:52071] /lib64/libpthread.so.0(+0xf630)[0x2af81fb5f630]
[s148:52072] [ 1] ./cg[0x40181b]
[ 2] [s148:52072] [ 2] /lib64/libc.so.6(__libc_start_main+0xf5)[0x2af0c078c555]
[s148:52071] [ 3] ./cg[0x400cf9]
/lib64/libc.so.6(__libc_start_main+0xf5)[0x2af81fd8e555]
[s148:52072] [ 3] ./cg[0x400cf9]
[s148:52071] *** End of error message ***
[s148:52072] *** End of error message ***
--------------------------------------------------------------------------
Primary job  terminated normally, but 1 process returned
a non-zero exit code. Per user-direction, the job has been aborted.
--------------------------------------------------------------------------
--------------------------------------------------------------------------
mpirun noticed that process rank 0 with PID 52071 on node s148 exited on signal 11 (Segmentation fault).
--------------------------------------------------------------------------
0.033068
0.033069
0.033054
0.033045
0.033050
0.033042
0.033051
0.033054
0.033040
0.033068
0.033037
0.033069
0.033069
0.033067
0.033046
0.033049
