 0.020467
 0.028727
 0.039869
 0.049590
 0.060288
 0.071150
 0.081398
 0.091385
 0.101519
 0.111840
 0.122166
 0.132313
 0.142198
 0.151834
 0.161288
 0.170633
 0.179924
 0.189191
 0.198440
 0.207663
 0.216840
 0.225949
 0.234968
 0.243882
 0.252680
 0.261355
 0.269908
 0.278341
 0.286662
 0.294878
 0.302998
 0.311032
 0.318989
 0.326878
 0.334705
 0.342477
 0.350200
 0.357877
 0.365512
 0.373106
 0.380663
 0.388182
 0.395664
 0.403109
 0.410516
 0.417885
 0.425215
 0.432505
 0.439754
 0.446961
 0.454126
 0.461248
 0.468325
 0.475359
 0.482347
 0.489290
 0.496187
 0.503040
 0.509847
 0.516609
 0.523326
 0.529999
 0.536628
 0.543215
 0.549759
 0.556261
 0.562723
 0.569144
 0.575527
 0.581871
 0.588178
 0.594449
 0.600685
 0.606886
 0.613053
 0.619189
 0.625292
 0.631365
 0.637408
 0.643422
 0.649408
 0.655367
 0.661299
 0.667206
 0.673087
 0.678944
 0.684777
 0.690587
 0.696375
 0.702141
 0.707886
 0.713609
 0.719313
 0.724996
 0.730660
 0.736305
 0.741932
 0.747540
 0.753130
 0.758703
 0.764259
 0.769797
 0.775319
 0.780824
 0.786314
 0.791787
 0.797244
 0.802686
 0.808112
 0.813523
 0.818919
 0.824300
 0.829666
 0.835017
 0.840354
 0.845676
 0.850984
 0.856277
 0.861557
 0.866822
 0.872073
 0.877310
 0.882533
 0.887742
 0.892938
 0.898120
 0.903288
 0.908443
 0.913583
 0.918711
 0.923825
 0.928925
 0.934013
 0.939086
 0.944147
 0.949194
 0.954228
 0.959249
 0.964257
 0.969251
 0.974233
 0.979202
 0.984157
 0.989100
 0.994030
 0.998947
 1.003851
 1.008743
 1.013622
 1.018488
 1.023342
 1.028183
 1.033011
 1.037828
 1.042631
 1.047423
 1.052202
 1.056969
 1.061724
 1.066467
 1.071198
 1.075916
 1.080623
 1.085318
 1.090001
 1.094673
 1.099332
 1.103981
 1.108617
 1.113242
 1.117856
 1.122458
 1.127049
 1.131629
 1.136197
 1.140755
 1.145301
 1.149837
 1.154362
 1.158875
 1.163378
 1.167871
 1.172353
 1.176824
 1.181285
 1.185735
 1.190175
 1.194605
 1.199025
 1.203434
 1.207834
 1.212223
 1.216603
 1.220973
 1.225333
 1.229683
 1.234024
 1.238355
 1.242677
 1.246989
1.715863
 0.010822
 0.014316
 0.018937
 0.024260
 0.029576
 0.034833
 0.040258
 0.046001
 0.052079
 0.058416
 0.064902
 0.071435
 0.077939
 0.084366
 0.090697
 0.096926
 0.103055
 0.109092
 0.115045
 0.120921
 0.126724
 0.132461
 0.138132
 0.143741
 0.149289
 0.154777
 0.160204
 0.165572
 0.170880
 0.176128
 0.181317
 0.186448
 0.191520
 0.196535
 0.201492
 0.206393
 0.211238
 0.216030
 0.220768
 0.225453
 0.230088
 0.234673
 0.239209
 0.243698
 0.248140
 0.252538
 0.256893
 0.261205
 0.265476
 0.269707
 0.273899
 0.278054
 0.282173
 0.286256
 0.290305
 0.294321
 0.298305
 0.302258
 0.306180
 0.310073
 0.313938
 0.317775
 0.321585
 0.325369
 0.329128
 0.332863
 0.336573
 0.340261
 0.343926
 0.347569
 0.351191
 0.354792
 0.358374
 0.361935
 0.365478
 0.369002
 0.372507
 0.375995
 0.379466
 0.382920
 0.386358
 0.389779
 0.393185
 0.396575
 0.399951
 0.403312
 0.406658
 0.409991
 0.413310
 0.416615
 0.419907
 0.423186
 0.426453
 0.429707
 0.432949
 0.436179
 0.439397
 0.442604
 0.445799
 0.448983
 0.452157
 0.455319
 0.458471
 0.461612
 0.464743
 0.467864
 0.470975
 0.474077
 0.477168
 0.480250
 0.483323
 0.486386
 0.489440
 0.492485
 0.495522
 0.498549
 0.501568
 0.504578
 0.507580
 0.510573
 0.513558
 0.516535
 0.519504
 0.522464
 0.525417
 0.528362
 0.531299
 0.534229
 0.537151
 0.540066
 0.542973
 0.545872
 0.548765
 0.551650
 0.554528
 0.557399
 0.560263
 0.563120
 0.565970
 0.568813
 0.571650
 0.574479
 0.577303
 0.580119
 0.582929
 0.585732
 0.588529
 0.591320
 0.594104
 0.596882
 0.599653
 0.602419
 0.605178
 0.607931
 0.610678
 0.613419
 0.616154
 0.618883
 0.621607
 0.624324
 0.627035
 0.629741
 0.632441
 0.635135
 0.637824
 0.640507
 0.643184
 0.645856
 0.648522
 0.651183
 0.653838
 0.656488
 0.659133
 0.661772
 0.664406
 0.667034
 0.669657
 0.672276
 0.674888
 0.677496
 0.680099
 0.682696
 0.685288
 0.687876
 0.690458
 0.693035
 0.695608
 0.698175
 0.700738
 0.703295
 0.705848
 0.708396
 0.710939
 0.713478
 0.716011
 0.718540
 0.721065
 0.723584
 0.726099
0.427040
0.427043
0.427044
 0.728609
0.427065
 0.011384
 0.015471
 0.019526
 0.023815
 0.028187
 0.032532
 0.036814
 0.041032
 0.045201
 0.049336
 0.053450
 0.057552
 0.061649
 0.065742
 0.069835
 0.073925
 0.078014
 0.082098
 0.086178
 0.090250
 0.094313
 0.098366
 0.102407
 0.106435
 0.110448
 0.114446
 0.118427
 0.122391
 0.126337
 0.130265
 0.134175
 0.138066
 0.141938
 0.145791
 0.149625
 0.153440
 0.157235
 0.161013
 0.164771
 0.168511
 0.172233
 0.175937
 0.179622
 0.183291
 0.186942
 0.190576
 0.194193
 0.197794
 0.201378
 0.204946
 0.208499
 0.212036
 0.215558
 0.219066
 0.222558
 0.226036
 0.229500
 0.232950
 0.236386
 0.239809
 0.243218
 0.246615
 0.249998
 0.253369
 0.256727
 0.260074
 0.263408
 0.266730
 0.270041
 0.273340
 0.276628
 0.279905
 0.283170
 0.286425
 0.289669
 0.292903
 0.296126
 0.299339
 0.302541
 0.305734
 0.308917
 0.312090
 0.315254
 0.318408
 0.321552
 0.324688
 0.327814
 0.330931
 0.334039
 0.337139
 0.340229
 0.343311
 0.346385
 0.349449
 0.352506
 0.355554
 0.358594
 0.361626
 0.364650
 0.367666
 0.370674
 0.373675
 0.376667
 0.379652
 0.382630
 0.385600
 0.388562
 0.391517
 0.394465
 0.397406
 0.400339
 0.403265
 0.406185
 0.409097
 0.412002
 0.414901
 0.417793
 0.420678
 0.423556
 0.426428
 0.429293
 0.432151
 0.435003
 0.437849
 0.440688
 0.443521
 0.446347
 0.449168
 0.451982
 0.454790
 0.457592
 0.460388
 0.463178
 0.465962
 0.468740
 0.471512
 0.474278
 0.477039
 0.479793
 0.482542
 0.485285
 0.488023
 0.490755
 0.493482
 0.496203
 0.498918
 0.501628
 0.504333
 0.507032
 0.509726
 0.512414
 0.515097
 0.517775
 0.520448
 0.523115
 0.525778
 0.528435
 0.531087
 0.533734
 0.536377
 0.539014
 0.541646
 0.544273
 0.546895
 0.549512
 0.552125
 0.554733
 0.557336
 0.559934
 0.562527
 0.565116
 0.567700
 0.570279
 0.572854
 0.575424
 0.577989
 0.580550
 0.583106
 0.585658
 0.588206
 0.590749
 0.593287
 0.595821
 0.598351
 0.600876
 0.603397
 0.605914
 0.608426
 0.610934
 0.613438
 0.615938
 0.618433
 0.620924
 0.623411
 0.625894
 0.628373
 0.630848
 0.633318
 0.635785
 0.638247
0.110799
0.110813
0.110817
0.110803
0.110806
0.110802
0.110808
0.110817
0.110837
0.110833
0.110815
0.110821
0.110875
0.110833
0.110804
0.110840
