 0.020467
 0.028727
 0.039869
 0.049590
 0.060288
 0.071150
 0.081398
 0.091385
 0.101519
 0.111840
 0.122166
 0.132313
 0.142198
 0.151834
 0.161288
 0.170633
 0.179924
 0.189191
 0.198440
 0.207663
 0.216840
 0.225949
 0.234968
 0.243882
 0.252680
 0.261355
 0.269908
 0.278341
 0.286662
 0.294878
 0.302998
 0.311032
 0.318989
 0.326878
 0.334705
 0.342477
 0.350200
 0.357877
 0.365512
 0.373106
 0.380663
 0.388182
 0.395664
 0.403109
 0.410516
 0.417885
 0.425215
 0.432505
 0.439754
 0.446961
 0.454126
 0.461248
 0.468325
 0.475359
 0.482347
 0.489290
 0.496187
 0.503040
 0.509847
 0.516609
 0.523326
 0.529999
 0.536628
 0.543215
 0.549759
 0.556261
 0.562723
 0.569144
 0.575527
 0.581871
 0.588178
 0.594449
 0.600685
 0.606886
 0.613053
 0.619189
 0.625292
 0.631365
 0.637408
 0.643422
 0.649408
 0.655367
 0.661299
 0.667206
 0.673087
 0.678944
 0.684777
 0.690587
 0.696375
 0.702141
 0.707886
 0.713609
 0.719313
 0.724996
 0.730660
 0.736305
 0.741932
 0.747540
 0.753130
 0.758703
 0.764259
 0.769797
 0.775319
 0.780824
 0.786314
 0.791787
 0.797244
 0.802686
 0.808112
 0.813523
 0.818919
 0.824300
 0.829666
 0.835017
 0.840354
 0.845676
 0.850984
 0.856277
 0.861557
 0.866822
 0.872073
 0.877310
 0.882533
 0.887742
 0.892938
 0.898120
 0.903288
 0.908443
 0.913583
 0.918711
 0.923825
 0.928925
 0.934013
 0.939086
 0.944147
 0.949194
 0.954228
 0.959249
 0.964257
 0.969251
 0.974233
 0.979202
 0.984157
 0.989100
 0.994030
 0.998947
 1.003851
 1.008743
 1.013622
 1.018488
 1.023342
 1.028183
 1.033011
 1.037828
 1.042631
 1.047423
 1.052202
 1.056969
 1.061724
 1.066467
 1.071198
 1.075916
 1.080623
 1.085318
 1.090001
 1.094673
 1.099332
 1.103981
 1.108617
 1.113242
 1.117856
 1.122458
 1.127049
 1.131629
 1.136197
 1.140755
 1.145301
 1.149837
 1.154362
 1.158875
 1.163378
 1.167871
 1.172353
 1.176824
 1.181285
 1.185735
 1.190175
 1.194605
 1.199025
 1.203434
 1.207834
 1.212223
 1.216603
 1.220973
 1.225333
 1.229683
 1.234024
 1.238355
 1.242677
 1.246989
1.759523
 0.010820
 0.014311
 0.018934
 0.024260
 0.029574
 0.034831
 0.040257
 0.046004
 0.052087
 0.058429
 0.064919
 0.071454
 0.077960
 0.084391
 0.090726
 0.096959
 0.103093
 0.109136
 0.115095
 0.120976
 0.126785
 0.132526
 0.138203
 0.143817
 0.149370
 0.154861
 0.160293
 0.165664
 0.170976
 0.176228
 0.181421
 0.186555
 0.191630
 0.196648
 0.201608
 0.206512
 0.211361
 0.216155
 0.220896
 0.225585
 0.230223
 0.234810
 0.239350
 0.243841
 0.248287
 0.252688
 0.257046
 0.261361
 0.265635
 0.269869
 0.274064
 0.278222
 0.282344
 0.286430
 0.290482
 0.294501
 0.298488
 0.302444
 0.306369
 0.310265
 0.314132
 0.317972
 0.321785
 0.325572
 0.329334
 0.333071
 0.336785
 0.340475
 0.344143
 0.347789
 0.351413
 0.355017
 0.358601
 0.362165
 0.365709
 0.369236
 0.372744
 0.376234
 0.379707
 0.383163
 0.386603
 0.390027
 0.393435
 0.396827
 0.400205
 0.403568
 0.406917
 0.410251
 0.413572
 0.416879
 0.420173
 0.423454
 0.426723
 0.429979
 0.433222
 0.436454
 0.439674
 0.442882
 0.446079
 0.449265
 0.452440
 0.455604
 0.458757
 0.461900
 0.465033
 0.468155
 0.471268
 0.474371
 0.477464
 0.480547
 0.483621
 0.486686
 0.489741
 0.492788
 0.495825
 0.498854
 0.501874
 0.504885
 0.507888
 0.510883
 0.513869
 0.516847
 0.519817
 0.522779
 0.525733
 0.528679
 0.531618
 0.534548
 0.537472
 0.540387
 0.543295
 0.546196
 0.549090
 0.551976
 0.554855
 0.557727
 0.560592
 0.563450
 0.566301
 0.569145
 0.571983
 0.574814
 0.577638
 0.580455
 0.583266
 0.586070
 0.588868
 0.591660
 0.594445
 0.597224
 0.599996
 0.602763
 0.605523
 0.608277
 0.611025
 0.613767
 0.616503
 0.619233
 0.621957
 0.624675
 0.627388
 0.630094
 0.632795
 0.635490
 0.638180
 0.640864
 0.643542
 0.646215
 0.648882
 0.651544
 0.654200
 0.656851
 0.659496
 0.662136
 0.664771
 0.667400
 0.670024
 0.672643
 0.675257
 0.677866
 0.680469
 0.683067
 0.685661
 0.688249
 0.690832
 0.693410
 0.695984
 0.698552
 0.701115
 0.703674
 0.706228
 0.708776
 0.711320
 0.713860
 0.716394
 0.718924
 0.721449
 0.723970
 0.726486
0.428123
0.428125
0.428123
 0.728997
0.428147
 0.011396
 0.015487
 0.019545
 0.023835
 0.028207
 0.032552
 0.036835
 0.041054
 0.045224
 0.049360
 0.053474
 0.057575
 0.061670
 0.065760
 0.069849
 0.073935
 0.078018
 0.082097
 0.086170
 0.090236
 0.094293
 0.098339
 0.102373
 0.106393
 0.110399
 0.114390
 0.118364
 0.122321
 0.126260
 0.130181
 0.134084
 0.137968
 0.141834
 0.145680
 0.149508
 0.153316
 0.157106
 0.160877
 0.164629
 0.168363
 0.172078
 0.175776
 0.179456
 0.183118
 0.186763
 0.190391
 0.194002
 0.197596
 0.201175
 0.204737
 0.208283
 0.211814
 0.215330
 0.218831
 0.222317
 0.225789
 0.229246
 0.232689
 0.236119
 0.239535
 0.242938
 0.246327
 0.249704
 0.253068
 0.256419
 0.259759
 0.263086
 0.266401
 0.269704
 0.272996
 0.276277
 0.279546
 0.282804
 0.286051
 0.289288
 0.292513
 0.295729
 0.298934
 0.302129
 0.305313
 0.308488
 0.311653
 0.314809
 0.317954
 0.321091
 0.324218
 0.327335
 0.330444
 0.333544
 0.336635
 0.339716
 0.342790
 0.345854
 0.348910
 0.351958
 0.354998
 0.358029
 0.361052
 0.364067
 0.367073
 0.370072
 0.373064
 0.376047
 0.379023
 0.381991
 0.384951
 0.387904
 0.390850
 0.393788
 0.396720
 0.399643
 0.402560
 0.405470
 0.408373
 0.411268
 0.414157
 0.417039
 0.419914
 0.422783
 0.425645
 0.428500
 0.431348
 0.434190
 0.437026
 0.439855
 0.442678
 0.445495
 0.448305
 0.451109
 0.453907
 0.456699
 0.459485
 0.462265
 0.465038
 0.467806
 0.470568
 0.473324
 0.476074
 0.478819
 0.481558
 0.484291
 0.487018
 0.489740
 0.492456
 0.495167
 0.497872
 0.500571
 0.503265
 0.505954
 0.508638
 0.511316
 0.513989
 0.516656
 0.519319
 0.521976
 0.524628
 0.527274
 0.529916
 0.532553
 0.535184
 0.537811
 0.540433
 0.543049
 0.545661
 0.548268
 0.550870
 0.553467
 0.556060
 0.558647
 0.561230
 0.563808
 0.566382
 0.568951
 0.571515
 0.574074
 0.576629
 0.579180
 0.581725
 0.584267
 0.586804
 0.589336
 0.591864
 0.594388
 0.596907
 0.599421
 0.601932
 0.604438
 0.606940
 0.609437
 0.611931
 0.614420
 0.616905
 0.619385
 0.621862
 0.624334
 0.626803
 0.629267
 0.631727
 0.634183
 0.636635
0.108218
0.108211
0.108198
0.108200
0.108190
0.108211
0.108139
0.108179
0.108208
0.108213
0.108182
0.108213
0.108202
0.108213
0.108184
0.108186
