 0.020467
 0.020158
 0.019858
 0.019568
 0.019291
 0.019131
 0.020761
 0.023998
 0.019713
 0.023061
 0.020427
 0.021067
 0.021364
 0.019865
 0.021717
 0.019281
 0.021425
 0.019049
 0.020778
 0.018994
 0.020037
 0.019000
 0.019339
 0.018994
 0.018735
 0.018936
 0.018230
 0.018810
 0.017813
 0.018617
 0.017467
 0.018369
 0.017178
 0.018081
 0.016930
 0.017767
 0.016714
 0.017440
 0.016519
 0.017110
 0.016339
 0.016783
 0.016169
 0.016466
 0.016003
 0.016160
 0.015840
 0.015868
 0.015677
 0.015591
 0.015513
 0.015328
 0.015347
 0.015079
 0.015179
 0.014843
 0.015008
 0.014619
 0.014836
 0.014407
 0.014663
 0.014206
 0.014488
 0.014014
 0.014313
 0.013831
 0.014138
 0.013656
 0.013964
 0.013488
 0.013790
 0.013326
 0.013618
 0.013170
 0.013448
 0.013020
 0.013280
 0.012875
 0.013114
 0.012733
 0.012950
 0.012596
 0.012790
 0.012462
 0.012632
 0.012332
 0.012478
 0.012204
 0.012326
 0.012080
 0.012178
 0.011958
 0.012032
 0.011838
 0.011890
 0.011720
 0.011751
 0.011604
 0.011615
 0.011490
 0.011482
 0.011378
 0.011352
 0.011268
 0.011225
 0.011159
 0.011101
 0.011052
 0.010979
 0.010946
 0.010861
 0.010842
 0.010744
 0.010739
 0.010631
 0.010637
 0.010519
 0.010537
 0.010411
 0.010438
 0.010304
 0.010340
 0.010199
 0.010243
 0.010097
 0.010148
 0.009997
 0.010053
 0.009899
 0.009960
 0.009802
 0.009868
 0.009708
 0.009777
 0.009615
 0.009687
 0.009524
 0.009598
 0.009435
 0.009511
 0.009347
 0.009424
 0.009261
 0.009338
 0.009176
 0.009253
 0.009093
 0.009170
 0.009011
 0.009087
 0.008930
 0.009006
 0.008851
 0.008925
 0.008772
 0.008845
 0.008695
 0.008766
 0.008620
 0.008689
 0.008545
 0.008612
 0.008471
 0.008536
 0.008399
 0.008461
 0.008327
 0.008386
 0.008257
 0.008313
 0.008187
 0.008241
 0.008118
 0.008169
 0.008051
 0.008098
 0.007984
 0.008028
 0.007917
 0.007959
 0.007852
 0.007891
 0.007788
 0.007823
 0.007724
 0.007756
 0.007661
 0.007690
 0.007598
 0.007625
 0.007537
 0.007560
 0.007476
 0.007496
 0.007416
 0.007433
 0.007356
 0.007371
 0.007297
 0.007309
1.681637
 0.010822
 0.009371
 0.010087
 0.009919
 0.009935
 0.009760
 0.009757
 0.009656
 0.009646
 0.009559
 0.009538
 0.009475
 0.009446
 0.009395
 0.009357
 0.009316
 0.009271
 0.009239
 0.009189
 0.009162
 0.009109
 0.009084
 0.009031
 0.009006
 0.008955
 0.008928
 0.008880
 0.008850
 0.008807
 0.008772
 0.008734
 0.008695
 0.008662
 0.008619
 0.008589
 0.008545
 0.008517
 0.008472
 0.008443
 0.008400
 0.008370
 0.008330
 0.008297
 0.008261
 0.008224
 0.008192
 0.008152
 0.008123
 0.008082
 0.008053
 0.008013
 0.007983
 0.007945
 0.007913
 0.007879
 0.007843
 0.007813
 0.007775
 0.007746
 0.007707
 0.007679
 0.007642
 0.007612
 0.007577
 0.007544
 0.007513
 0.007478
 0.007449
 0.007413
 0.007384
 0.007349
 0.007320
 0.007286
 0.007255
 0.007224
 0.007190
 0.007162
 0.007127
 0.007099
 0.007065
 0.007037
 0.007005
 0.006974
 0.006944
 0.006912
 0.006884
 0.006851
 0.006823
 0.006791
 0.006762
 0.006732
 0.006702
 0.006674
 0.006642
 0.006615
 0.006584
 0.006556
 0.006526
 0.006497
 0.006469
 0.006439
 0.006411
 0.006381
 0.006354
 0.006325
 0.006297
 0.006268
 0.006240
 0.006212
 0.006184
 0.006157
 0.006128
 0.006101
 0.006073
 0.006046
 0.006019
 0.005991
 0.005964
 0.005936
 0.005910
 0.005883
 0.005856
 0.005829
 0.005802
 0.005776
 0.005749
 0.005723
 0.005696
 0.005670
 0.005644
 0.005618
 0.005592
 0.005566
 0.005541
 0.005515
 0.005489
 0.005464
 0.005438
 0.005413
 0.005387
 0.005362
 0.005337
 0.005312
 0.005287
 0.005262
 0.005238
 0.005212
 0.005188
 0.005163
 0.005139
 0.005115
 0.005090
 0.005066
 0.005041
 0.005018
 0.004994
 0.004969
 0.004946
 0.004922
 0.004898
 0.004875
 0.004851
 0.004828
 0.004804
 0.004781
 0.004757
 0.004734
 0.004711
 0.004688
 0.004665
 0.004642
 0.004619
 0.004596
 0.004573
 0.004551
 0.004528
 0.004506
 0.004484
 0.004461
 0.004439
 0.004417
 0.004395
 0.004372
 0.004350
 0.004329
 0.004306
 0.004285
 0.004263
 0.004241
 0.004220
 0.004198
 0.004177
 0.004155
 0.004134
 0.004113
 0.004091
 0.004070
 0.004049
 0.004028
0.440519
0.440537
0.440516
 0.004007
0.440555
 0.011384
 0.010477
 0.010529
 0.010679
 0.010805
 0.011058
 0.011309
 0.011441
 0.011485
 0.011491
 0.011455
 0.011366
 0.011248
 0.011145
 0.011070
 0.011002
 0.010918
 0.010831
 0.010769
 0.010735
 0.010705
 0.010664
 0.010616
 0.010579
 0.010558
 0.010544
 0.010526
 0.010506
 0.010493
 0.010491
 0.010495
 0.010497
 0.010496
 0.010498
 0.010506
 0.010518
 0.010528
 0.010535
 0.010541
 0.010556
 0.010580
 0.010607
 0.010627
 0.010639
 0.010648
 0.010665
 0.010695
 0.010731
 0.010764
 0.010785
 0.010795
 0.010806
 0.010827
 0.010864
 0.010909
 0.010950
 0.010976
 0.010989
 0.010998
 0.011015
 0.011048
 0.011092
 0.011139
 0.011176
 0.011199
 0.011210
 0.011220
 0.011239
 0.011271
 0.011315
 0.011361
 0.011400
 0.011427
 0.011442
 0.011453
 0.011468
 0.011492
 0.011527
 0.011568
 0.011609
 0.011644
 0.011667
 0.011683
 0.011695
 0.011709
 0.011731
 0.011762
 0.011799
 0.011838
 0.011872
 0.011899
 0.011918
 0.011931
 0.011943
 0.011958
 0.011980
 0.012009
 0.012043
 0.012078
 0.012110
 0.012136
 0.012155
 0.012169
 0.012180
 0.012192
 0.012208
 0.012230
 0.012257
 0.012288
 0.012320
 0.012349
 0.012373
 0.012391
 0.012405
 0.012415
 0.012426
 0.012439
 0.012456
 0.012477
 0.012503
 0.012531
 0.012558
 0.012583
 0.012604
 0.012621
 0.012633
 0.012643
 0.012653
 0.012664
 0.012678
 0.012695
 0.012716
 0.012740
 0.012764
 0.012787
 0.012809
 0.012826
 0.012841
 0.012852
 0.012861
 0.012870
 0.012879
 0.012891
 0.012906
 0.012923
 0.012943
 0.012964
 0.012984
 0.013004
 0.013022
 0.013036
 0.013048
 0.013058
 0.013066
 0.013074
 0.013082
 0.013092
 0.013105
 0.013119
 0.013135
 0.013153
 0.013171
 0.013189
 0.013205
 0.013220
 0.013232
 0.013242
 0.013250
 0.013257
 0.013264
 0.013271
 0.013280
 0.013290
 0.013302
 0.013316
 0.013331
 0.013346
 0.013361
 0.013376
 0.013389
 0.013401
 0.013411
 0.013419
 0.013426
 0.013432
 0.013438
 0.013444
 0.013451
 0.013460
 0.013470
 0.013481
 0.013493
 0.013507
 0.013520
 0.013533
 0.013545
 0.013555
 0.013565
 0.013573
0.094518
0.094538
 0.013580
0.094573
0.094533
0.094534
0.094510
0.094530
0.094551
0.094519
0.094513
0.094511
0.094540
0.094523
0.094515
0.094538
0.094536
