Lmod has detected the following error: Unfortunately, OpenMPI 4.1.5 isn't
available for gcc version 8.2.0 
While processing the following module(s):
    Module fullname  Module Filename
    ---------------  ---------------
    openmpi/4.1.5    /sw/mf/snowy/parallel/openmpi/4.1.5.lua

1200
0.007618 2.239363
0.007618 0.535115
0.007618 0.285456
0.007618 0.171717
0.007618 0.141128
2400
0.008285 9.117554
0.008285 2.655795
0.008285 2.098530
0.008285 1.684552
0.008285 1.024250
4800
0.007690 36.525853
0.007690 10.903717
0.007690 8.471726
0.007690 6.651733
0.007690 4.242764
512
0.004465 0.317479
0.007309 0.345926
0.007955 0.745387
0.008219 1.194968
0.008287 1.235001
1024
0.007309 1.465960
0.008219 1.963544
0.008210 3.445424
0.007899 4.859191
0.007605 4.830168
