1010580540
1010580540
1010580540
1010580540
1010580540
1010580540
1010580540
1010580540
1010580540
1010580540
1010580540
1010580540
1010580540
1010580540
1010580540
1010580540
1010580540
1010580540
1010580540
1010580540
1010580540
1010580540
1010580540
49
[s203:17572] *** Process received signal ***
[s203:17572] Signal: Segmentation fault (11)
[s203:17572] Signal code: Invalid permissions (2)
[s203:17572] Failing at address: 0x2b021be9d000
[s203:17572] [ 0] /lib64/libpthread.so.0(+0xf630)[0x2b01df4c9630]
[s203:17572] [ 1] ./matmul[0x401b36]
[s203:17572] [ 2] /lib64/libc.so.6(__libc_start_main+0xf5)[0x2b01df6f8555]
[s203:17572] [ 3] ./matmul[0x402044]
[s203:17572] *** End of error message ***
1010580540
1010580540
1010580540
1010580540
1010580540
1010580540
1010580540
1010580540
1010580540
1010580540
1010580540
1010580540
1010580540
1010580540
1010580540
1010580540
1010580540
1010580540
1010580540
1010580540
1010580540
1010580540
1010580540
49
[s203:17576] *** Process received signal ***
[s203:17576] Signal: Segmentation fault (11)
[s203:17576] Signal code: Invalid permissions (2)
[s203:17576] Failing at address: 0x2ad5cbee2000
[s203:17576] [ 0] /lib64/libpthread.so.0(+0xf630)[0x2ad5ae786630]
[s203:17576] [ 1] ./matmul[0x401b36]
[s203:17576] [ 2] /lib64/libc.so.6(__libc_start_main+0xf5)[0x2ad5ae9b5555]
[s203:17576] [ 3] ./matmul[0x402044]
[s203:17576] *** End of error message ***
1010580540
1010580540
1010580540
1010580540
1010580540
1010580540
1010580540
1010580540
1010580540
1010580540
1010580540
1010580540
1010580540
1010580540
1010580540
1010580540
1010580540
1010580540
1010580540
1010580540
1010580540
1010580540
1010580540
49
1010580540
1010580540
1010580540
1010580540
1010580540
1010580540
1010580540
1010580540
1010580540
1010580540
1010580540
1010580540
1010580540
1010580540
1010580540
1010580540
1010580540
1010580540
1010580540
1010580540
1010580540
1010580540
1010580540
49
--------------------------------------------------------------------------
Primary job  terminated normally, but 1 process returned
a non-zero exit code. Per user-direction, the job has been aborted.
--------------------------------------------------------------------------
--------------------------------------------------------------------------
mpirun noticed that process rank 4 with PID 17576 on node s203 exited on signal 11 (Segmentation fault).
--------------------------------------------------------------------------
