16.6405195990
1
4.3711211280
4
2.3543831520
9
1.7992152820
16
1.4627325040
25
1
16.6499100800
--------------------------------------------------------------------------
MPI_ABORT was invoked on rank 0 in communicator MPI_COMM_WORLD
with errorcode 1.

NOTE: invoking MPI_ABORT causes Open MPI to kill all MPI processes.
You may or may not see output from other processes, depending on
exactly when Open MPI kills them.
--------------------------------------------------------------------------
143.0392474570
387.0994713700
4
slurmstepd: error: *** JOB 7827893 ON s5 CANCELLED AT 2023-05-05T23:15:50 ***
--------------------------------------------------------------------------
ORTE has lost communication with a remote daemon.

  HNP daemon   : [[41218,0],0] on node s5
  Remote daemon: [[41218,0],1] on node s118

This is usually due to either a failure of the TCP network
connection to the node, or possibly an internal failure of
the daemon itself. We cannot recover from this failure, and
therefore will terminate the job.
--------------------------------------------------------------------------
