*** Error in `./quicksort': munmap_chunk(): invalid pointer: 0x0000000000401376 ***
======= Backtrace: =========
/lib64/libc.so.6(+0x7f474)[0x2adf05ddd474]
./quicksort[0x401076]
/lib64/libc.so.6(__libc_start_main+0xf5)[0x2adf05d80555]
./quicksort[0x40139f]
======= Memory map: ========
00400000-00403000 r-xp 00000000 00:2b 9246547079282420667                /domus/h1/ebjerned/PDP/A3/A3/quicksort
00602000-00603000 r--p 00002000 00:2b 9246547079282420667                /domus/h1/ebjerned/PDP/A3/A3/quicksort
00603000-00604000 rw-p 00003000 00:2b 9246547079282420667                /domus/h1/ebjerned/PDP/A3/A3/quicksort
011e0000-0132f000 rw-p 00000000 00:00 0                                  [heap]
0132f000-0133f000 rw-p 00000000 00:00 0                                  [heap]
0133f000-0138a000 rw-p 00000000 00:00 0                                  [heap]
0138a000-0138b000 rw-p 00000000 00:00 0                                  [heap]
0138b000-0138f000 rw-p 00000000 00:00 0                                  [heap]
0138f000-01390000 rw-p 00000000 00:00 0                                  [heap]
01390000-01392000 rw-p 00000000 00:00 0                                  [heap]
01392000-01393000 rw-p 00000000 00:00 0                                  [heap]
01393000-01395000 rw-p 00000000 00:00 0                                  [heap]
01395000-0139a000 rw-p 00000000 00:00 0                                  [heap]
0139a000-0139b000 rw-p 00000000 00:00 0                                  [heap]
0139b000-013a0000 rw-p 00000000 00:00 0                                  [heap]
013a0000-013a1000 rw-p 00000000 00:00 0                                  [heap]
013a1000-013ba000 rw-p 00000000 00:00 0                                  [heap]
013ba000-013bb000 rw-p 00000000 00:00 0                                  [heap]
013bb000-013d4000 rw-p 00000000 00:00 0                                  [heap]
013d4000-013e7000 rw-p 00000000 00:00 0                                  [heap]
013e7000-013e9000 rw-p 00000000 00:00 0                                  [heap]
013e9000-013ec000 rw-p 00000000 00:00 0                                  [heap]
013ec000-013ee000 rw-p 00000000 00:00 0                                  [heap]
013ee000-013f1000 rw-p 00000000 00:00 0                                  [heap]
013f1000-01402000 rw-p 00000000 00:00 0                                  [heap]
01402000-01405000 rw-p 00000000 00:00 0                                  [heap]
01405000-01416000 rw-p 00000000 00:00 0                                  [heap]
01416000-01419000 rw-p 00000000 00:00 0                                  [heap]
01419000-0142a000 rw-p 00000000 00:00 0                                  [heap]
0142a000-0142d000 rw-p 00000000 00:00 0                                  [heap]
0142d000-0143e000 rw-p 00000000 00:00 0                                  [heap]
0143e000-01441000 rw-p 00000000 00:00 0                                  [heap]
01441000-01452000 rw-p 00000000 00:00 0                                  [heap]
01452000-01455000 rw-p 00000000 00:00 0                                  [heap]
01455000-01466000 rw-p 00000000 00:00 0                                  [heap]
01466000-01469000 rw-p 00000000 00:00 0                                  [heap]
01469000-0147a000 rw-p 00000000 00:00 0                                  [heap]
0147a000-0147d000 rw-p 00000000 00:00 0                                  [heap]
0147d000-0148e000 rw-p 00000000 00:00 0                                  [heap]
0148e000-014bd000 rw-p 00000000 00:00 0                                  [heap]
2adf052e1000-2adf05303000 r-xp 00000000 09:01 1049850                    /usr/lib64/ld-2.17.so
2adf05303000-2adf05304000 rw-p 00000000 00:00 0 
2adf05304000-2adf05305000 rw-s 00000000 09:03 129761294                  /scratch/7919696/ompi.s89.4024316/pid.40724/pmix_dstor_ds12_40724/dstore_sm.lock
2adf05305000-2adf05306000 r--s 00000000 09:03 129761293                  /scratch/7919696/ompi.s89.4024316/pid.40724/pmix_dstor_ds12_40724/initial-pmix_shared-segment-0
2adf05306000-2adf05307000 rw-s 00000000 09:03 129761292                  /scratch/7919696/ompi.s89.4024316/pid.40724/pmix_dstor_ds21_40724/smlockseg-2248540161
2adf05307000-2adf05308000 r--s 00000000 09:03 129761291                  /scratch/7919696/ompi.s89.4024316/pid.40724/pmix_dstor_ds21_40724/initial-pmix_shared-segment-0
2adf05308000-2adf05309000 -w-s 00000000 00:05 28792                      /dev/infiniband/uverbs0
2adf05309000-2adf0530a000 -w-s 00001000 00:05 28792                      /dev/infiniband/uverbs0
2adf0530a000-2adf0530b000 r--s 00003000 00:05 28792                      /dev/infiniband/uverbs0
2adf0530b000-2adf0530c000 -w-s 00000000 00:05 28792                      /dev/infiniband/uverbs0
2adf0530c000-2adf0530d000 -w-s 00001000 00:05 28792                      /dev/infiniband/uverbs0
2adf0530d000-2adf0530e000 r--s 00003000 00:05 28792                      /dev/infiniband/uverbs0
2adf0530e000-2adf0531f000 rw-p 00000000 00:00 0 
2adf0531f000-2adf05320000 rw-p 00000000 00:00 0 
2adf05320000-2adf0532a000 rw-p 00000000 00:00 0 
2adf0532a000-2adf0533d000 rw-p 00000000 00:00 0 
2adf0533d000-2adf054e1000 rw-p 00000000 00:00 0 
2adf054e1000-2adf05501000 rw-p 00000000 00:00 0 
2adf05501000-2adf05502000 rw-p 00000000 00:00 0 
2adf05502000-2adf05503000 r--p 00021000 09:01 1049850                    /usr/lib64/ld-2.17.so
2adf05503000-2adf05504000 rw-p 00022000 09:01 1049850                    /usr/lib64/ld-2.17.so
2adf05504000-2adf05505000 rw-p 00000000 00:00 0 
2adf05505000-2adf05606000 r-xp 00000000 09:01 1049870                    /usr/lib64/libm-2.17.so
2adf05606000-2adf05805000 ---p 00101000 09:01 1049870                    /usr/lib64/libm-2.17.so
2adf05805000-2adf05806000 r--p 00100000 09:01 1049870                    /usr/lib64/libm-2.17.so
2adf05806000-2adf05807000 rw-p 00101000 09:01 1049870                    /usr/lib64/libm-2.17.so
2adf05807000-2adf0591e000 r-xp 00000000 00:2a 9246547088009410382        /sw/parallel/openmpi/snowy-centos7/4.1.5gcc13.1.0/lib/libmpi.so.40.30.5
2adf0591e000-2adf05b1d000 ---p 00117000 00:2a 9246547088009410382        /sw/parallel/openmpi/snowy-centos7/4.1.5gcc13.1.0/lib/libmpi.so.40.30.5
2adf05b1d000-2adf05b1f000 r--p 00116000 00:2a 9246547088009410382        /sw/parallel/openmpi/snowy-centos7/4.1.5gcc13.1.0/lib/libmpi.so.40.30.5
2adf05b1f000-2adf05b30000 rw-p 00118000 00:2a 9246547088009410382        /sw/parallel/openmpi/snowy-centos7/4.1.5gcc13.1.0/lib/libmpi.so.40.30.5
2adf05b30000-2adf05b42000 rw-p 00000000 00:00 0 
2adf05b42000-2adf05b59000 r-xp 00000000 09:01 1049892                    /usr/lib64/libpthread-2.17.so
2adf05b59000-2adf05d58000 ---p 00017000 09:01 1049892                    /usr/lib64/libpthread-2.17.so
2adf05d58000-2adf05d59000 r--p 00016000 09:01 1049892                    /usr/lib64/libpthread-2.17.so
2adf05d59000-2adf05d5a000 rw-p 00017000 09:01 1049892                    /usr/lib64/libpthread-2.17.so
2adf05d5a000-2adf05d5e000 rw-p 00000000 00:00 0 
2adf05d5e000-2adf05e53000 r-xp 00000000 09:01 1049860                    /usr/lib64/libc-2.17.so
2adf05e53000-2adf05e54000 r-xp 000f5000 09:01 1049860                    /usr/lib64/libc-2.17.so
2adf05e54000-2adf05e56000 r-xp 000f6000 09:01 1049860                    /usr/lib64/libc-2.17.so
2adf05e56000-2adf05e58000 r-xp 000f8000 09:01 1049860                    /usr/lib64/libc-2.17.so
2adf05e58000-2adf05e5d000 r-xp 000fa000 09:01 1049860                    /usr/lib64/libc-2.17.so
2adf05e5d000-2adf05e5f000 r-xp 000ff000 09:01 1049860                    /usr/lib64/libc-2.17.so
2adf05e5f000-2adf05f22000 r-xp 00101000 09:01 1049860                    /usr/lib64/libc-2.17.so
2adf05f22000-2adf06121000 ---p 001c4000 09:01 1049860                    /usr/lib64/libc-2.17.so
2adf06121000-2adf06125000 r--p 001c3000 09:01 1049860                    /usr/lib64/libc-2.17.so
2adf06125000-2adf06127000 rw-p 001c7000 09:01 1049860                    /usr/lib64/libc-2.17.so
2adf06127000-2adf0612c000 rw-p 00000000 00:00 0 
2adf0612c000-2adf061de000 r-xp 00000000 00:2a 9246547088009410184        /sw/parallel/openmpi/snowy-centos7/4.1.5gcc13.1.0/lib/libopen-rte.so.40.30.3
2adf061de000-2adf063dd000 ---p 000b2000 00:2a 9246547088009410184        /sw/parallel/openmpi/snowy-centos7/4.1.5gcc13.1.0/lib/libopen-rte.so.40.30.3
2adf063dd000-2adf063df000 r--p 000b1000 00:2a 9246547088009410184        /sw/parallel/openmpi/snowy-centos7/4.1.5gcc13.1.0/lib/libopen-rte.so.40.30.3
2adf063df000-2adf063e3000 rw-p 000b3000 00:2a 9246547088009410184        /sw/parallel/openmpi/snowy-centos7/4.1.5gcc13.1.0/lib/libopen-rte.so.40.30.3
2adf063e3000-2adf063e5000 rw-p 00000000 00:00 0 
2adf063e5000-2adf064e3000 r-xp 00000000 00:2a 9246547088009410032        /sw/parallel/openmpi/snowy-centos7/4.1.5gcc13.1.0/lib/libopen-pal.so.40.30.3
2adf064e3000-2adf066e2000 ---p 000fe000 00:2a 9246547088009410032        /sw/parallel/openmpi/snowy-centos7/4.1.5gcc13.1.0/lib/libopen-pal.so.40.30.3
2adf066e2000-2adf066e6000 r--p 000fd000 00:2a 9246547088009410032        /sw/parallel/openmpi/snowy-centos7/4.1.5gcc13.1.0/lib/libopen-pal.so.40.30.3
2adf066e6000-2adf066ec000 rw-p 00101000 00:2a 9246547088009410032        /sw/parallel/openmpi/snowy-centos7/4.1.5gcc13.1.0/lib/libopen-pal.so.40.30.3
2adf066ec000-2adf066f3000 rw-p 00000000 00:00 0 
2adf066f3000-2adf066f5000 r-xp 00000000 09:01 1049867                    /usr/lib64/libdl-2.17.so
2adf066f5000-2adf068f5000 ---p 00002000 09:01 1049867                    /usr/lib64/libdl-2.17.so
2adf068f5000-2adf068f6000 r--p 00002000 09:01 1049867                    /usr/lib64/libdl-2.17.so
2adf068f6000-2adf068f7000 rw-p 00003000 09:01 1049867                    /usr/lib64/libdl-2.17.so
2adf068f7000-2adf0690b000 r-xp 00000000 09:01 1054064                    /usr/lib64/libudev.so.1.6.2
2adf0690b000-2adf06b0b000 ---p 00014000 09:01 1054064                    /usr/lib64/libudev.so.1.6.2
2adf06b0b000-2adf06b0c000 r--p 00014000 09:01 1054064                    /usr/lib64/libudev.so.1.6.2
2adf06b0c000-2adf06b0d000 rw-p 00015000 09:01 1054064                    /usr/lib64/libudev.so.1.6.2
2adf06b0d000-2adf06b14000 r-xp 00000000 09:01 1069485                    /usr/lib64/librt-2.17.so
2adf06b14000-2adf06d13000 ---p 00007000 09:01 1069485                    /usr/lib64/librt-2.17.so
2adf06d13000-2adf06d14000 r--p 00006000 09:01 1069485                    /usr/lib64/librt-2.17.so
2adf06d14000-2adf06d15000 rw-p 00007000 09:01 1069485                    /usr/lib64/librt-2.17.so
2adf06d15000-2adf06d17000 r-xp 00000000 09:01 1049900                    /usr/lib64/libutil-2.17.so
2adf06d17000-2adf06f16000 ---p 00002000 09:01 1049900                    /usr/lib64/libutil-2.17.so
2adf06f16000-2adf06f17000 r--p 00001000 09:01 1049900                    /usr/lib64/libutil-2.17.so
2adf06f17000-2adf06f18000 rw-p 00002000 09:01 1049900                    /usr/lib64/libutil-2.17.so
2adf06f18000-2adf06f2d000 r-xp 00000000 09:01 1049910                    /usr/lib64/libz.so.1.2.7
2adf06f2d000-2adf0712c000 ---p 00015000 09:01 1049910                    /usr/lib64/libz.so.1.2.7
2adf0712c000-2adf0712d000 r--p 00014000 09:01 1049910                    /usr/lib64/libz.so.1.2.7
2adf0712d000-2adf0712e000 rw-p 00015000 09:01 1049910                    /usr/lib64/libz.so.1.2.7
2adf0712e000-2adf07132000 r-xp 00000000 09:01 1050292                    /usr/lib64/libcap.so.2.22
2adf07132000-2adf07331000 ---p 00004000 09:01 1050292                    /usr/lib64/libcap.so.2.22
2adf07331000-2adf07332000 r--p 00003000 09:01 1050292                    /usr/lib64/libcap.so.2.22
2adf07332000-2adf07333000 rw-p 00004000 09:01 1050292                    /usr/lib64/libcap.so.2.22
2adf07333000-2adf07381000 r-xp 00000000 09:01 1054055                    /usr/lib64/libdw-0.176.so
2adf07381000-2adf07581000 ---p 0004e000 09:01 1054055                    /usr/lib64/libdw-0.176.so
2adf07581000-2adf07583000 r--p 0004e000 09:01 1054055                    /usr/lib64/libdw-0.176.so
2adf07583000-2adf07584000 rw-p 00050000 09:01 1054055                    /usr/lib64/libdw-0.176.so
2adf07584000-2adf075a6000 r-xp 00000000 00:2a 9246547087846600187        /sw/comp/gcc/13.1.0_snowy/lib64/libgcc_s.so.1
2adf075a6000-2adf077a5000 ---p 00022000 00:2a 9246547087846600187        /sw/comp/gcc/13.1.0_snowy/lib64/libgcc_s.so.1
2adf077a5000-2adf077a6000 r--p 00021000 00:2a 9246547087846600187        /sw/comp/gcc/13.1.0_snowy/lib64/libgcc_s.so.1
2adf077a6000-2adf077a7000 rw-p 00022000 00:2a 9246547087846600187        /sw/comp/gcc/13.1.0_snowy/lib64/libgcc_s.so.1
2adf077a7000-2adf077ab000 r-xp 00000000 09:01 1050290                    /usr/lib64/libattr.so.1.1.0
2adf077ab000-2adf079aa000 ---p 00004000 09:01 1050290                    /usr/lib64/libattr.so.1.1.0
2adf079aa000-2adf079ab000 r--p 00003000 09:01 1050290                    /usr/lib64/libattr.so.1.1.0
2adf079ab000-2adf079ac000 rw-p 00004000 09:01 1050290                    /usr/lib64/libattr.so.1.1.0
2adf079ac000-2adf079c3000 r-xp 00000000 09:01 1050280                    /usr/lib64/libelf-0.176.so
2adf079c3000-2adf07bc2000 ---p 00017000 09:01 1050280                    /usr/lib64/libelf-0.176.so
2adf07bc2000-2adf07bc3000 r--p 00016000 09:01 1050280                    /usr/lib64/libelf-0.176.so
2adf07bc3000-2adf07bc4000 rw-p 00017000 09:01 1050280                    /usr/lib64/libelf-0.176.so
2adf07bc4000-2adf07be9000 r-xp 00000000 09:01 1050072                    /usr/lib64/liblzma.so.5.2.2
2adf07be9000-2adf07de8000 ---p 00025000 09:01 1050072                    /usr/lib64/liblzma.so.5.2.2
2adf07de8000-2adf07de9000 r--p 00024000 09:01 1050072                    /usr/lib64/liblzma.so.5.2.2
2adf07de9000-2adf07dea000 rw-p 00025000 09:01 1050072                    /usr/lib64/liblzma.so.5.2.2
2adf07dea000-2adf07df9000 r-xp 00000000 09:01 1050110                    /usr/lib64/libbz2.so.1.0.6
2adf07df9000-2adf07ff8000 ---p 0000f000 09:01 1050110                    /usr/lib64/libbz2.so.1.0.6
2adf07ff8000-2adf07ff9000 r--p 0000e000 09:01 1050110                    /usr/lib64/libbz2.so.1.0.6
2adf07ff9000-2adf07ffa000 rw-p 0000f000 09:01 1050110                    /usr/lib64/libbz2.so.1.0.6
2adf07ffa000-2adf07ffd000 r-xp 00000000 00:2a 9246547088009410157        /sw/parallel/openmpi/snowy-centos7/4.1.5gcc13.1.0/lib/openmpi/mca_shmem_mmap.so
2adf07ffd000-2adf081fc000 ---p 00003000 00:2a 9246547088009410157        /sw/parallel/openmpi/snowy-centos7/4.1.5gcc13.1.0/lib/openmpi/mca_shmem_mmap.so
2adf081fc000-2adf081fd000 r--p 00002000 00:2a 9246547088009410157        /sw/parallel/openmpi/snowy-centos7/4.1.5gcc13.1.0/lib/openmpi/mca_shmem_mmap.so
2adf081fd000-2adf081fe000 rw-p 00003000 00:2a 9246547088009410157        /sw/parallel/openmpi/snowy-centos7/4.1.5gcc13.1.0/lib/openmpi/mca_shmem_mmap.so
2adf081fe000-2adf08200000 r-xp 00000000 00:2a 9246547088009410154        /sw/parallel/openmpi/snowy-centos7/4.1.5gcc13.1.0/lib/openmpi/mca_reachable_weighted.so
2adf08200000-2adf083ff000 ---p 00002000 00:2a 9246547088009410154        /sw/parallel/openmpi/snowy-centos7/4.1.5gcc13.1.0/lib/openmpi/mca_reachable_weighted.so
2adf083ff000-2adf08400000 r--p 00001000 00:2a 9246547088009410154        /sw/parallel/openmpi/snowy-centos7/4.1.5gcc13.1.0/lib/openmpi/mca_reachable_weighted.so
2adf08400000-2adf08401000 rw-p 00002000 00:2a 9246547088009410154        /sw/parallel/openmpi/snowy-centos7/4.1.5gcc13.1.0/lib/openmpi/mca_reachable_weighted.so
2adf08401000-2adf08402000 r-xp 00000000 00:2a 9246547088009410283        /sw/parallel/openmpi/snowy-centos7/4.1.5gcc13.1.0/lib/openmpi/mca_schizo_flux.so
2adf08402000-2adf08602000 ---p 00001000 00:2a 9246547088009410283        /sw/parallel/openmpi/snowy-centos7/4.1.5gcc13.1.0/lib/openmpi/mca_schizo_flux.so
2adf08602000-2adf08603000 r--p 00001000 00:2a 9246547088009410283        /sw/parallel/openmpi/snowy-centos7/4.1.5gcc13.1.0/lib/openmpi/mca_schizo_flux.so
2adf08603000-2adf08604000 rw-p 00002000 00:2a 9246547088009410283        /sw/parallel/openmpi/snowy-centos7/4.1.5gcc13.1.0/lib/openmpi/mca_schizo_flux.so
2adf08604000-2adf0860c000 r-xp 00000000 00:2a 9246547088009410285        /sw/parallel/openmpi/snowy-centos7/4.1.5gcc13.1.0/lib/openmpi/mca_schizo_ompi.so
2adf0860c000-2adf0880b000 ---p 00008000 00:2a 9246547088009410285        /sw/parallel/openmpi/snowy-centos7/4.1.5gcc13.1.0/lib/openmpi/mca_schizo_ompi.so
2adf0880b000-2adf0880c000 r--p 00007000 00:2a 9246547088009410285        /sw/parallel/openmpi/snowy-centos7/4.1.5gcc13.1.0/lib/openmpi/mca_schizo_ompi.so
2adf0880c000-2adf0880e000 rw-p 00008000 00:2a 9246547088009410285        /sw/parallel/openmpi/snowy-centos7/4.1.5gcc13.1.0/lib/openmpi/mca_schizo_ompi.so
2adf0880e000-2adf0880f000 r-xp 00000000 00:2a 9246547088009410287        /sw/parallel/openmpi/snowy-centos7/4.1.5gcc13.1.0/lib/openmpi/mca_schizo_orte.so
2adf0880f000-2adf08a0f000 ---p 00001000 00:2a 9246547088009410287        /sw/parallel/openmpi/snowy-centos7/4.1.5gcc13.1.0/lib/openmpi/mca_schizo_orte.so
2adf08a0f000-2adf08a10000 r--p 00001000 00:2a 9246547088009410287        /sw/parallel/openmpi/snowy-centos7/4.1.5gcc13.1.0/lib/openmpi/mca_schizo_orte.so
2adf08a10000-2adf08a11000 rw-p 00002000 00:2a 9246547088009410287        /sw/parallel/openmpi/snowy-centos7/4.1.5gcc13.1.0/lib/openmpi/mca_schizo_orte.so
2adf08a11000-2adf08a12000 r-xp 00000000 00:2a 9246547088009410289        /sw/parallel/openmpi/snowy-centos7/4.1.5gcc13.1.0/lib/openmpi/mca_schizo_jsm.so
2adf08a12000-2adf08c12000 ---p 00001000 00:2a 9246547088009410289        /sw/parallel/openmpi/snowy-centos7/4.1.5gcc13.1.0/lib/openmpi/mca_schizo_jsm.so
2adf08c12000-2adf08c13000 r--p 00001000 00:2a 9246547088009410289        /sw/parallel/openmpi/snowy-centos7/4.1.5gcc13.1.0/lib/openmpi/mca_schizo_jsm.so
2adf08c13000-2adf08c14000 rw-p 00002000 00:2a 9246547088009410289        /sw/parallel/openmpi/snowy-centos7/4.1.5gcc13.1.0/lib/openmpi/mca_schizo_jsm.so
2adf08c14000-2adf08c15000 r-xp 00000000 00:2a 9246547088009410291        /sw/parallel/openmpi/snowy-centos7/4.1.5gcc13.1.0/lib/openmpi/mca_schizo_singularity.so
2adf08c15000-2adf08e15000 ---p 00001000 00:2a 9246547088009410291        /sw/parallel/openmpi/snowy-centos7/4.1.5gcc13.1.0/lib/openmpi/mca_schizo_singularity.so
2adf08e15000-2adf08e16000 r--p 00001000 00:2a 9246547088009410291        /sw/parallel/openmpi/snowy-centos7/4.1.5gcc13.1.0/lib/openmpi/mca_schizo_singularity.so
2adf08e16000-2adf08e17000 rw-p 00002000 00:2a 9246547088009410291        /sw/parallel/openmpi/snowy-centos7/4.1.5gcc13.1.0/lib/openmpi/mca_schizo_singularity.so
2adf08e17000-2adf08e19000 r-xp 00000000 00:2a 9246547088009410293        /sw/parallel/openmpi/snowy-centos7/4.1.5gcc13.1.0/lib/openmpi/mca_schizo_slurm.so
2adf08e19000-2adf09018000 ---p 00002000 00:2a 9246547088009410293        /sw/parallel/openmpi/snowy-centos7/4.1.5gcc13.1.0/lib/openmpi/mca_schizo_slurm.so
2adf09018000-2adf09019000 r--p 00001000 00:2a 9246547088009410293        /sw/parallel/openmpi/snowy-centos7/4.1.5gcc13.1.0/lib/openmpi/mca_schizo_slurm.so
2adf09019000-2adf0901a000 rw-p 00002000 00:2a 9246547088009410293        /sw/parallel/openmpi/snowy-centos7/4.1.5gcc13.1.0/lib/openmpi/mca_schizo_slurm.so
2adf0901a000-2adf0901f000 r-xp 00000000 00:2a 9246547088009410206        /sw/parallel/openmpi/snowy-centos7/4.1.5gcc13.1.0/lib/openmpi/mca_ess_pmi.so
2adf0901f000-2adf0921e000 ---p 00005000 00:2a 9246547088009410206        /sw/parallel/openmpi/snowy-centos7/4.1.5gcc13.1.0/lib/openmpi/mca_ess_pmi.so
2adf0921e000-2adf0921f000 r--p 00004000 00:2a 9246547088009410206        /sw/parallel/openmpi/snowy-centos7/4.1.5gcc13.1.0/lib/openmpi/mca_ess_pmi.so
2adf0921f000-2adf09220000 rw-p 00005000 00:2a 9246547088009410206        /sw/parallel/openmpi/snowy-centos7/4.1.5gcc13.1.0/lib/openmpi/mca_ess_pmi.so
2adf09220000-2adf09221000 ---p 00000000 00:00 0 
2adf09221000-2adf09421000 rw-p 00000000 00:00 0 
2adf09421000-2adf09423000 r-xp 00000000 00:2a 9246547088009410136        /sw/parallel/openmpi/snowy-centos7/4.1.5gcc13.1.0/lib/pmix/mca_psquash_flex128.so
2adf09423000-2adf09622000 ---p 00002000 00:2a 9246547088009410136        /sw/parallel/openmpi/snowy-centos7/4.1.5gcc13.1.0/lib/pmix/mca_psquash_flex128.so
2adf09622000-2adf09623000 r--p 00001000 00:2a 9246547088009410136        /sw/parallel/openmpi/snowy-centos7/4.1.5gcc13.1.0/lib/pmix/mca_psquash_flex128.so
2adf09623000-2adf09624000 rw-p 00002000 00:2a 9246547088009410136        /sw/parallel/openmpi/snowy-centos7/4.1.5gcc13.1.0/lib/pmix/mca_psquash_flex128.so
2adf09627000-2adf09733000 r-xp 00000000 00:2a 9246547088009410148        /sw/parallel/openmpi/snowy-centos7/4.1.5gcc13.1.0/lib/openmpi/mca_pmix_pmix3x.so
2adf09733000-2adf09933000 ---p 0010c000 00:2a 9246547088009410148        /sw/parallel/openmpi/snowy-centos7/4.1.5gcc13.1.0/lib/openmpi/mca_pmix_pmix3x.so
2adf09933000-2adf09934000 r--p 0010c000 00:2a 9246547088009410148        /sw/parallel/openmpi/snowy-centos7/4.1.5gcc13.1.0/lib/openmpi/mca_pmix_pmix3x.so
2adf09934000-2adf09939000 rw-p 0010d000 00:2a 9246547088009410148        /sw/parallel/openmpi/snowy-centos7/4.1.5gcc13.1.0/lib/openmpi/mca_pmix_pmix3x.so
2adf09939000-2adf0993c000 rw-p 00000000 00:00 0 
2adf0993c000-2adf0993d000 r-xp 00000000 00:2a 9246547088009410138        /sw/parallel/openmpi/snowy-centos7/4.1.5gcc13.1.0/lib/pmix/mca_psquash_native.so
2adf0993d000-2adf09b3d000 ---p 00001000 00:2a 9246547088009410138        /sw/parallel/openmpi/snowy-centos7/4.1.5gcc13.1.0/lib/pmix/mca_psquash_native.so
2adf09b3d000-2adf09b3e000 r--p 00001000 00:2a 9246547088009410138        /sw/parallel/openmpi/snowy-centos7/4.1.5gcc13.1.0/lib/pmix/mca_psquash_native.so
2adf09b3e000-2adf09b3f000 rw-p 00002000 00:2a 9246547088009410138        /sw/parallel/openmpi/snowy-centos7/4.1.5gcc13.1.0/lib/pmix/mca_psquash_native.so
2adf09b3f000-2adf09b51000 r-xp 00000000 00:2a 9246547088009410098        /sw/parallel/openmpi/snowy-centos7/4.1.5gcc13.1.0/lib/pmix/mca_bfrops_v12.so
2adf09b51000-2adf09d50000 ---p 00012000 00:2a 9246547088009410098        /sw/parallel/openmpi/snowy-centos7/4.1.5gcc13.1.0/lib/pmix/mca_bfrops_v12.so
2adf09d50000-2adf09d51000 r--p 00011000 00:2a 9246547088009410098        /sw/parallel/openmpi/snowy-centos7/4.1.5gcc13.1.0/lib/pmix/mca_bfrops_v12.so
2adf09d51000-2adf09d52000 rw-p 00012000 00:2a 9246547088009410098        /sw/parallel/openmpi/snowy-centos7/4.1.5gcc13.1.0/lib/pmix/mca_bfrops_v12.so
2adf09d52000-2adf09d6a000 r-xp 00000000 00:2a 9246547088009410100        /sw/parallel/openmpi/snowy-centos7/4.1.5gcc13.1.0/lib/pmix/mca_bfrops_v20.so
2adf09d6a000-2adf09f69000 ---p 00018000 00:2a 9246547088009410100        /sw/parallel/openmpi/snowy-centos7/4.1.5gcc13.1.0/lib/pmix/mca_bfrops_v20.so
2adf09f69000-2adf09f6a000 r--p 00017000 00:2a 9246547088009410100        /sw/parallel/openmpi/snowy-centos7/4.1.5gcc13.1.0/lib/pmix/mca_bfrops_v20.so
2adf09f6a000-2adf09f6b000 rw-p 00018000 00:2a 9246547088009410100        /sw/parallel/openmpi/snowy-centos7/4.1.5gcc13.1.0/lib/pmix/mca_bfrops_v20.so
2adf09f6b000-2adf09f73000 r-xp 00000000 00:2a 9246547088009410102        /sw/parallel/openmpi/snowy-centos7/4.1.5gcc13.1.0/lib/pmix/mca_bfrops_v21.so
2adf09f73000-2adf0a172000 ---p 00008000 00:2a 9246547088009410102        /sw/parallel/openmpi/snowy-centos7/4.1.5gcc13.1.0/lib/pmix/mca_bfrops_v21.so
2adf0a172000-2adf0a173000 r--p 00007000 00:2a 9246547088009410102        /sw/parallel/openmpi/snowy-centos7/4.1.5gcc13.1.0/lib/pmix/mca_bfrops_v21.so
2adf0a173000-2adf0a174000 rw-p 00008000 00:2a 9246547088009410102        /sw/parallel/openmpi/snowy-centos7/4.1.5gcc13.1.0/lib/pmix/mca_bfrops_v21.so
2adf0a174000-2adf0a17c000 r-xp 00000000 00:2a 9246547088009410104        /sw/parallel/openmpi/snowy-centos7/4.1.5gcc13.1.0/lib/pmix/mca_bfrops_v3.so
2adf0a17c000-2adf0a37b000 ---p 00008000 00:2a 9246547088009410104        /sw/parallel/openmpi/snowy-centos7/4.1.5gcc13.1.0/lib/pmix/mca_bfrops_v3.so
2adf0a37b000-2adf0a37c000 r--p 00007000 00:2a 9246547088009410104        /sw/parallel/openmpi/snowy-centos7/4.1.5gcc13.1.0/lib/pmix/mca_bfrops_v3.so
2adf0a37c000-2adf0a37d000 rw-p 00008000 00:2a 9246547088009410104        /sw/parallel/openmpi/snowy-centos7/4.1.5gcc13.1.0/lib/pmix/mca_bfrops_v3.so
2adf0a37d000-2adf0a37f000 r-xp 00000000 00:2a 9246547088009410112        /sw/parallel/openmpi/snowy-centos7/4.1.5gcc13.1.0/lib/pmix/mca_pcompress_zlib.so
2adf0a37f000-2adf0a57e000 ---p 00002000 00:2a 9246547088009410112        /sw/parallel/openmpi/snowy-centos7/4.1.5gcc13.1.0/lib/pmix/mca_pcompress_zlib.so
2adf0a57e000-2adf0a57f000 r--p 00001000 00:2a 9246547088009410112        /sw/parallel/openmpi/snowy-centos7/4.1.5gcc13.1.0/lib/pmix/mca_pcompress_zlib.so
2adf0a57f000-2adf0a580000 rw-p 00002000 00:2a 9246547088009410112        /sw/parallel/openmpi/snowy-centos7/4.1.5gcc13.1.0/lib/pmix/mca_pcompress_zlib.so
2adf0a580000-2adf0a592000 r-xp 00000000 00:2a 9246547088009410140        /sw/parallel/openmpi/snowy-centos7/4.1.5gcc13.1.0/lib/pmix/mca_ptl_tcp.so
2adf0a592000-2adf0a791000 ---p 00012000 00:2a 9246547088009410140        /sw/parallel/openmpi/snowy-centos7/4.1.5gcc13.1.0/lib/pmix/mca_ptl_tcp.so
2adf0a791000-2adf0a792000 r--p 00011000 00:2a 9246547088009410140        /sw/parallel/openmpi/snowy-centos7/4.1.5gcc13.1.0/lib/pmix/mca_ptl_tcp.so
2adf0a792000-2adf0a793000 rw-p 00012000 00:2a 9246547088009410140        /sw/parallel/openmpi/snowy-centos7/4.1.5gcc13.1.0/lib/pmix/mca_ptl_tcp.so
2adf0a793000-2adf0a79c000 r-xp 00000000 00:2a 9246547088009410142        /sw/parallel/openmpi/snowy-centos7/4.1.5gcc13.1.0/lib/pmix/mca_ptl_usock.so
2adf0a79c000-2adf0a99b000 ---p 00009000 00:2a 9246547088009410142        /sw/parallel/openmpi/snowy-centos7/4.1.5gcc13.1.0/lib/pmix/mca_ptl_usock.so
2adf0a99b000-2adf0a99c000 r--p 00008000 00:2a 9246547088009410142        /sw/parallel/openmpi/snowy-centos7/4.1.5gcc13.1.0/lib/pmix/mca_ptl_usock.so
2adf0a99c000-2adf0a99d000 rw-p 00009000 00:2a 9246547088009410142        /sw/parallel/openmpi/snowy-centos7/4.1.5gcc13.1.0/lib/pmix/mca_ptl_usock.so
2adf0a99d000-2adf0a99f000 r-xp 00000000 00:2a 9246547088009410124        /sw/parallel/openmpi/snowy-centos7/4.1.5gcc13.1.0/lib/pmix/mca_psec_native.so
2adf0a99f000-2adf0ab9e000 ---p 00002000 00:2a 9246547088009410124        /sw/parallel/openmpi/snowy-centos7/4.1.5gcc13.1.0/lib/pmix/mca_psec_native.so
2adf0ab9e000-2adf0ab9f000 r--p 00001000 00:2a 9246547088009410124        /sw/parallel/openmpi/snowy-centos7/4.1.5gcc13.1.0/lib/pmix/mca_psec_native.so
2adf0ab9f000-2adf0aba0000 rw-p 00002000 00:2a 9246547088009410124        /sw/parallel/openmpi/snowy-centos7/4.1.5gcc13.1.0/lib/pmix/mca_psec_native.so
2adf0aba0000-2adf0abb4000 r-xp 00000000 00:2a 9246547088009410106        /sw/parallel/openmpi/snowy-centos7/4.1.5gcc13.1.0/lib/pmix/mca_gds_hash.so
2adf0abb4000-2adf0adb3000 ---p 00014000 00:2a 9246547088009410106        /sw/parallel/openmpi/snowy-centos7/4.1.5gcc13.1.0/lib/pmix/mca_gds_hash.so
2adf0adb3000-2adf0adb4000 r--p 00013000 00:2a 9246547088009410106        /sw/parallel/openmpi/snowy-centos7/4.1.5gcc13.1.0/lib/pmix/mca_gds_hash.so
2adf0adb4000-2adf0adb5000 rw-p 00014000 00:2a 9246547088009410106        /sw/parallel/openmpi/snowy-centos7/4.1.5gcc13.1.0/lib/pmix/mca_gds_hash.so
2adf0adb5000-2adf0adb9000 r-xp 00000000 00:2a 9246547088009410108        /sw/parallel/openmpi/snowy-centos7/4.1.5gcc13.1.0/lib/pmix/mca_gds_ds12.so
2adf0adb9000-2adf0afb8000 ---p 00004000 00:2a 9246547088009410108        /sw/parallel/openmpi/snowy-centos7/4.1.5gcc13.1.0/lib/pmix/mca_gds_ds12.so
2adf0afb8000-2adf0afb9000 r--p 00003000 00:2a 9246547088009410108        /sw/parallel/openmpi/snowy-centos7/4.1.5gcc13.1.0/lib/pmix/mca_gds_ds12.so
2adf0afb9000-2adf0afba000 rw-p 00004000 00:2a 9246547088009410108        /sw/parallel/openmpi/snowy-centos7/4.1.5gcc13.1.0/lib/pmix/mca_gds_ds12.so
2adf0afba000-2adf0afc8000 r-xp 00000000 00:2a 9246547088009410093        /sw/parallel/openmpi/snowy-centos7/4.1.5gcc13.1.0/lib/libmca_common_dstore.so.1.0.2
2adf0afc8000-2adf0b1c7000 ---p 0000e000 00:2a 9246547088009410093        /sw/parallel/openmpi/snowy-centos7/4.1.5gcc13.1.0/lib/libmca_common_dstore.so.1.0.2
2adf0b1c7000-2adf0b1c8000 r--p 0000d000 00:2a 9246547088009410093        /sw/parallel/openmpi/snowy-centos7/4.1.5gcc13.1.0/lib/libmca_common_dstore.so.1.0.2
2adf0b1c8000-2adf0b1c9000 rw-p 0000e000 00:2a 9246547088009410093        /sw/parallel/openmpi/snowy-centos7/4.1.5gcc13.1.0/lib/libmca_common_dstore.so.1.0.2
2adf0b1c9000-2adf0b1cd000 r-xp 00000000 00:2a 9246547088009410110        /sw/parallel/openmpi/snowy-centos7/4.1.5gcc13.1.0/lib/pmix/mca_gds_ds21.so
2adf0b1cd000-2adf0b3cc000 ---p 00004000 00:2a 9246547088009410110        /sw/parallel/openmpi/snowy-centos7/4.1.5gcc13.1.0/lib/pmix/mca_gds_ds21.so
2adf0b3cc000-2adf0b3cd000 r--p 00003000 00:2a 9246547088009410110        /sw/parallel/openmpi/snowy-centos7/4.1.5gcc13.1.0/lib/pmix/mca_gds_ds21.so
2adf0b3cd000-2adf0b3ce000 rw-p 00004000 00:2a 9246547088009410110        /sw/parallel/openmpi/snowy-centos7/4.1.5gcc13.1.0/lib/pmix/mca_gds_ds21.so
2adf0b3ce000-2adf0b3d0000 r-xp 00000000 00:2a 9246547088009410134        /sw/parallel/openmpi/snowy-centos7/4.1.5gcc13.1.0/lib/pmix/mca_pshmem_mmap.so
2adf0b3d0000-2adf0b5cf000 ---p 00002000 00:2a 9246547088009410134        /sw/parallel/openmpi/snowy-centos7/4.1.5gcc13.1.0/lib/pmix/mca_pshmem_mmap.so
2adf0b5cf000-2adf0b5d0000 r--p 00001000 00:2a 9246547088009410134        /sw/parallel/openmpi/snowy-centos7/4.1.5gcc13.1.0/lib/pmix/mca_pshmem_mmap.so
2adf0b5d0000-2adf0b5d1000 rw-p 00002000 00:2a 9246547088009410134        /sw/parallel/openmpi/snowy-centos7/4.1.5gcc13.1.0/lib/pmix/mca_pshmem_mmap.so
2adf0b5d1000-2adf0b5d3000 r-xp 00000000 00:2a 9246547088009410120        /sw/parallel/openmpi/snowy-centos7/4.1.5gcc13.1.0/lib/pmix/mca_preg_compress.so
2adf0b5d3000-2adf0b7d2000 ---p 00002000 00:2a 9246547088009410120        /sw/parallel/openmpi/snowy-centos7/4.1.5gcc13.1.0/lib/pmix/mca_preg_compress.so
2adf0b7d2000-2adf0b7d3000 r--p 00001000 00:2a 9246547088009410120        /sw/parallel/openmpi/snowy-centos7/4.1.5gcc13.1.0/lib/pmix/mca_preg_compress.so
2adf0b7d3000-2adf0b7d4000 rw-p 00002000 00:2a 9246547088009410120        /sw/parallel/openmpi/snowy-centos7/4.1.5gcc13.1.0/lib/pmix/mca_preg_compress.so
2adf0b7d4000-2adf0b7d8000 r-xp 00000000 00:2a 9246547088009410122        /sw/parallel/openmpi/snowy-centos7/4.1.5gcc13.1.0/lib/pmix/mca_preg_native.so
2adf0b7d8000-2adf0b9d7000 ---p 00004000 00:2a 9246547088009410122        /sw/parallel/openmpi/snowy-centos7/4.1.5gcc13.1.0/lib/pmix/mca_preg_native.so
2adf0b9d7000-2adf0b9d8000 r--p 00003000 00:2a 9246547088009410122        /sw/parallel/openmpi/snowy-centos7/4.1.5gcc13.1.0/lib/pmix/mca_preg_native.so
2adf0b9d8000-2adf0b9d9000 rw-p 00004000 00:2a 9246547088009410122        /sw/parallel/openmpi/snowy-centos7/4.1.5gcc13.1.0/lib/pmix/mca_preg_native.so
2adf0b9d9000-2adf0b9dc000 r-xp 00000000 00:2a 9246547088009410114        /sw/parallel/openmpi/snowy-centos7/4.1.5gcc13.1.0/lib/pmix/mca_plog_default.so
2adf0b9dc000-2adf0bbdb000 ---p 00003000 00:2a 9246547088009410114        /sw/parallel/openmpi/snowy-centos7/4.1.5gcc13.1.0/lib/pmix/mca_plog_default.so
2adf0bbdb000-2adf0bbdc000 r--p 00002000 00:2a 9246547088009410114        /sw/parallel/openmpi/snowy-centos7/4.1.5gcc13.1.0/lib/pmix/mca_plog_default.so
2adf0bbdc000-2adf0bbdd000 rw-p 00003000 00:2a 9246547088009410114        /sw/parallel/openmpi/snowy-centos7/4.1.5gcc13.1.0/lib/pmix/mca_plog_default.so
2adf0bbdd000-2adf0bbde000 r-xp 00000000 00:2a 9246547088009410116        /sw/parallel/openmpi/snowy-centos7/4.1.5gcc13.1.0/lib/pmix/mca_plog_stdfd.so
2adf0bbde000-2adf0bddd000 ---p 00001000 00:2a 9246547088009410116        /sw/parallel/openmpi/snowy-centos7/4.1.5gcc13.1.0/lib/pmix/mca_plog_stdfd.so
2adf0bddd000-2adf0bdde000 r--p 00000000 00:2a 9246547088009410116        /sw/parallel/openmpi/snowy-centos7/4.1.5gcc13.1.0/lib/pmix/mca_plog_stdfd.so
2adf0bdde000-2adf0bddf000 rw-p 00001000 00:2a 9246547088009410116        /sw/parallel/openmpi/snowy-centos7/4.1.5gcc13.1.0/lib/pmix/mca_plog_stdfd.so
2adf0bddf000-2adf0bde1000 r-xp 00000000 00:2a 9246547088009410118        /sw/parallel/openmpi/snowy-centos7/4.1.5gcc13.1.0/lib/pmix/mca_plog_syslog.so
2adf0bde1000-2adf0bfe0000 ---p 00002000 00:2a 9246547088009410118        /sw/parallel/openmpi/snowy-centos7/4.1.5gcc13.1.0/lib/pmix/mca_plog_syslog.so
2adf0bfe0000-2adf0bfe1000 r--p 00001000 00:2a 9246547088009410118        /sw/parallel/openmpi/snowy-centos7/4.1.5gcc13.1.0/lib/pmix/mca_plog_syslog.so
2adf0bfe1000-2adf0bfe2000 rw-p 00002000 00:2a 9246547088009410118        /sw/parallel/openmpi/snowy-centos7/4.1.5gcc13.1.0/lib/pmix/mca_plog_syslog.so
2adf0bfe2000-2adf0bff2000 rw-p 00000000 00:00 0 
2adf0c000000-2adf0c021000 rw-p 00000000 00:00 0 
2adf0c021000-2adf10000000 ---p 00000000 00:00 0 
2adf10000000-2adf10001000 ---p 00000000 00:00 0 
2adf10001000-2adf10201000 rw-p 00000000 00:00 0 
2adf10201000-2adf10601000 r--s 00000000 09:03 129761295                  /scratch/7919696/ompi.s89.4024316/pid.40724/pmix_dstor_ds21_40724/smseg-2248540161-0
2adf10601000-2adf10a01000 r--s 00000000 09:03 129761296                  /scratch/7919696/ompi.s89.4024316/pid.40724/pmix_dstor_ds21_40724/smdataseg-2248540161-0
2adf10a01000-2adf10a03000 r-xp 00000000 00:2a 9246547088009410295        /sw/parallel/openmpi/snowy-centos7/4.1.5gcc13.1.0/lib/openmpi/mca_state_app.so
2adf10a03000-2adf10c02000 ---p 00002000 00:2a 9246547088009410295        /sw/parallel/openmpi/snowy-centos7/4.1.5gcc13.1.0/lib/openmpi/mca_state_app.so
2adf10c02000-2adf10c03000 r--p 00001000 00:2a 9246547088009410295        /sw/parallel/openmpi/snowy-centos7/4.1.5gcc13.1.0/lib/openmpi/mca_state_app.so
2adf10c03000-2adf10c04000 rw-p 00002000 00:2a 9246547088009410295        /sw/parallel/openmpi/snowy-centos7/4.1.5gcc13.1.0/lib/openmpi/mca_state_app.so
2adf10c04000-2adf10c06000 r-xp 00000000 00:2a 9246547088009410194        /sw/parallel/openmpi/snowy-centos7/4.1.5gcc13.1.0/lib/openmpi/mca_errmgr_default_app.so
2adf10c06000-2adf10e05000 ---p 00002000 00:2a 9246547088009410194        /sw/parallel/openmpi/snowy-centos7/4.1.5gcc13.1.0/lib/openmpi/mca_errmgr_default_app.so
2adf10e05000-2adf10e06000 r--p 00001000 00:2a 9246547088009410194        /sw/parallel/openmpi/snowy-centos7/4.1.5gcc13.1.0/lib/openmpi/mca_errmgr_default_app.so
2adf10e06000-2adf10e07000 rw-p 00002000 00:2a 9246547088009410194        /sw/parallel/openmpi/snowy-centos7/4.1.5gcc13.1.0/lib/openmpi/mca_errmgr_default_app.so
2adf10e07000-2adf10e34000 r-xp 00000000 00:2a 9246547088009410884        /sw/parallel/openmpi/snowy-centos7/4.1.5gcc13.1.0/lib/openmpi/mca_op_avx.so
2adf10e34000-2adf11033000 ---p 0002d000 00:2a 9246547088009410884        /sw/parallel/openmpi/snowy-centos7/4.1.5gcc13.1.0/lib/openmpi/mca_op_avx.so
2adf11033000-2adf11034000 r--p 0002c000 00:2a 9246547088009410884        /sw/parallel/openmpi/snowy-centos7/4.1.5gcc13.1.0/lib/openmpi/mca_op_avx.so
2adf11034000-2adf1103c000 rw-p 0002d000 00:2a 9246547088009410884        /sw/parallel/openmpi/snowy-centos7/4.1.5gcc13.1.0/lib/openmpi/mca_op_avx.so
2adf1103c000-2adf1103e000 r-xp 00000000 00:2a 9246547088009410049        /sw/parallel/openmpi/snowy-centos7/4.1.5gcc13.1.0/lib/openmpi/mca_allocator_basic.so
2adf1103e000-2adf1123e000 ---p 00002000 00:2a 9246547088009410049        /sw/parallel/openmpi/snowy-centos7/4.1.5gcc13.1.0/lib/openmpi/mca_allocator_basic.so
2adf1123e000-2adf1123f000 r--p 00002000 00:2a 9246547088009410049        /sw/parallel/openmpi/snowy-centos7/4.1.5gcc13.1.0/lib/openmpi/mca_allocator_basic.so
2adf1123f000-2adf11240000 rw-p 00003000 00:2a 9246547088009410049        /sw/parallel/openmpi/snowy-centos7/4.1.5gcc13.1.0/lib/openmpi/mca_allocator_basic.so
2adf11240000-2adf11242000 r-xp 00000000 00:2a 9246547088009410051        /sw/parallel/openmpi/snowy-centos7/4.1.5gcc13.1.0/lib/openmpi/mca_allocator_bucket.so
2adf11242000-2adf11441000 ---p 00002000 00:2a 9246547088009410051        /sw/parallel/openmpi/snowy-centos7/4.1.5gcc13.1.0/lib/openmpi/mca_allocator_bucket.so
2adf11441000-2adf11442000 r--p 00001000 00:2a 9246547088009410051        /sw/parallel/openmpi/snowy-centos7/4.1.5gcc13.1.0/lib/openmpi/mca_allocator_bucket.so
2adf11442000-2adf11443000 rw-p 00002000 00:2a 9246547088009410051        /sw/parallel/openmpi/snowy-centos7/4.1.5gcc13.1.0/lib/openmpi/mca_allocator_bucket.so
2adf11443000-2adf11446000 r-xp 00000000 00:2a 9246547088009410152        /sw/parallel/openmpi/snowy-centos7/4.1.5gcc13.1.0/lib/openmpi/mca_rcache_grdma.so
2adf11446000-2adf11646000 ---p 00003000 00:2a 9246547088009410152        /sw/parallel/openmpi/snowy-centos7/4.1.5gcc13.1.0/lib/openmpi/mca_rcache_grdma.so
2adf11646000-2adf11647000 r--p 00003000 00:2a 9246547088009410152        /sw/parallel/openmpi/snowy-centos7/4.1.5gcc13.1.0/lib/openmpi/mca_rcache_grdma.so
2adf11647000-2adf11648000 rw-p 00004000 00:2a 9246547088009410152        /sw/parallel/openmpi/snowy-centos7/4.1.5gcc13.1.0/lib/openmpi/mca_rcache_grdma.so
2adf11648000-2adf1164b000 r-xp 00000000 00:2a 9246547088009410078        /sw/parallel/openmpi/snowy-centos7/4.1.5gcc13.1.0/lib/openmpi/mca_mpool_hugepage.so
2adf1164b000-2adf1184b000 ---p 00003000 00:2a 9246547088009410078        /sw/parallel/openmpi/snowy-centos7/4.1.5gcc13.1.0/lib/openmpi/mca_mpool_hugepage.so
2adf1184b000-2adf1184c000 r--p 00003000 00:2a 9246547088009410078        /sw/parallel/openmpi/snowy-centos7/4.1.5gcc13.1.0/lib/openmpi/mca_mpool_hugepage.so
2adf1184c000-2adf1184d000 rw-p 00004000 00:2a 9246547088009410078        /sw/parallel/openmpi/snowy-centos7/4.1.5gcc13.1.0/lib/openmpi/mca_mpool_hugepage.so
2adf1184d000-2adf11851000 r-xp 00000000 00:2a 9246547088009410840        /sw/parallel/openmpi/snowy-centos7/4.1.5gcc13.1.0/lib/openmpi/mca_bml_r2.so
2adf11851000-2adf11a50000 ---p 00004000 00:2a 9246547088009410840        /sw/parallel/openmpi/snowy-centos7/4.1.5gcc13.1.0/lib/openmpi/mca_bml_r2.so
2adf11a50000-2adf11a51000 r--p 00003000 00:2a 9246547088009410840        /sw/parallel/openmpi/snowy-centos7/4.1.5gcc13.1.0/lib/openmpi/mca_bml_r2.so
2adf11a51000-2adf11a52000 rw-p 00004000 00:2a 9246547088009410840        /sw/parallel/openmpi/snowy-centos7/4.1.5gcc13.1.0/lib/openmpi/mca_bml_r2.so
2adf11a52000-2adf11a55000 r-xp 00000000 00:2a 9246547088009410053        /sw/parallel/openmpi/snowy-centos7/4.1.5gcc13.1.0/lib/openmpi/mca_btl_self.so
2adf11a55000-2adf11c54000 ---p 00003000 00:2a 9246547088009410053        /sw/parallel/openmpi/snowy-centos7/4.1.5gcc13.1.0/lib/openmpi/mca_btl_self.so
2adf11c54000-2adf11c55000 r--p 00002000 00:2a 9246547088009410053        /sw/parallel/openmpi/snowy-centos7/4.1.5gcc13.1.0/lib/openmpi/mca_btl_self.so
2adf11c55000-2adf11c56000 rw-p 00003000 00:2a 9246547088009410053        /sw/parallel/openmpi/snowy-centos7/4.1.5gcc13.1.0/lib/openmpi/mca_btl_self.so
2adf11c56000-2adf11c8b000 r-xp 00000000 00:2a 9246547088009410060        /sw/parallel/openmpi/snowy-centos7/4.1.5gcc13.1.0/lib/openmpi/mca_btl_openib.so
2adf11c8b000-2adf11e8a000 ---p 00035000 00:2a 9246547088009410060        /sw/parallel/openmpi/snowy-centos7/4.1.5gcc13.1.0/lib/openmpi/mca_btl_openib.so
2adf11e8a000-2adf11e8b000 r--p 00034000 00:2a 9246547088009410060        /sw/parallel/openmpi/snowy-centos7/4.1.5gcc13.1.0/lib/openmpi/mca_btl_openib.so
2adf11e8b000-2adf11e8d000 rw-p 00035000 00:2a 9246547088009410060        /sw/parallel/openmpi/snowy-centos7/4.1.5gcc13.1.0/lib/openmpi/mca_btl_openib.so
2adf11e8d000-2adf11e8e000 rw-p 00000000 00:00 0 
2adf11e8e000-2adf11ea3000 r-xp 00000000 09:01 1069465                    /usr/lib64/librdmacm.so.1.1.22.4
2adf11ea3000-2adf120a2000 ---p 00015000 09:01 1069465                    /usr/lib64/librdmacm.so.1.1.22.4
2adf120a2000-2adf120a3000 r--p 00014000 09:01 1069465                    /usr/lib64/librdmacm.so.1.1.22.4
2adf120a3000-2adf120a4000 rw-p 00015000 09:01 1069465                    /usr/lib64/librdmacm.so.1.1.22.4
2adf120a4000-2adf120a5000 rw-p 00000000 00:00 0 
2adf120a5000-2adf120a9000 r-xp 00000000 00:2a 9246547088009410043        /sw/parallel/openmpi/snowy-centos7/4.1.5gcc13.1.0/lib/libmca_common_verbs.so.40.30.0
2adf120a9000-2adf122a8000 ---p 00004000 00:2a 9246547088009410043        /sw/parallel/openmpi/snowy-centos7/4.1.5gcc13.1.0/lib/libmca_common_verbs.so.40.30.0
2adf122a8000-2adf122a9000 r--p 00003000 00:2a 9246547088009410043        /sw/parallel/openmpi/snowy-centos7/4.1.5gcc13.1.0/lib/libmca_common_verbs.so.40.30.0
2adf122a9000-2adf122aa000 rw-p 00004000 00:2a 9246547088009410043        /sw/parallel/openmpi/snowy-centos7/4.1.5gcc13.1.0/lib/libmca_common_verbs.so.40.30.0
2adf122aa000-2adf122c2000 r-xp 00000000 09:01 1069311                    /usr/lib64/libibverbs.so.1.5.22.4
2adf122c2000-2adf124c1000 ---p 00018000 09:01 1069311                    /usr/lib64/libibverbs.so.1.5.22.4
2adf124c1000-2adf124c2000 r--p 00017000 09:01 1069311                    /usr/lib64/libibverbs.so.1.5.22.4
2adf124c2000-2adf124c3000 rw-p 00018000 09:01 1069311                    /usr/lib64/libibverbs.so.1.5.22.4
2adf124c3000-2adf12527000 r-xp 00000000 09:01 1051131                    /usr/lib64/libnl-route-3.so.200.23.0
2adf12527000-2adf12726000 ---p 00064000 09:01 1051131                    /usr/lib64/libnl-route-3.so.200.23.0
2adf12726000-2adf12729000 r--p 00063000 09:01 1051131                    /usr/lib64/libnl-route-3.so.200.23.0
2adf12729000-2adf1272e000 rw-p 00066000 09:01 1051131                    /usr/lib64/libnl-route-3.so.200.23.0
2adf1272e000-2adf12730000 rw-p 00000000 00:00 0 
2adf12730000-2adf1274e000 r-xp 00000000 09:01 1051123                    /usr/lib64/libnl-3.so.200.23.0
2adf1274e000-2adf1294e000 ---p 0001e000 09:01 1051123                    /usr/lib64/libnl-3.so.200.23.0
2adf1294e000-2adf12950000 r--p 0001e000 09:01 1051123                    /usr/lib64/libnl-3.so.200.23.0
2adf12950000-2adf12951000 rw-p 00020000 09:01 1051123                    /usr/lib64/libnl-3.so.200.23.0
2adf12951000-2adf12952000 r-xp 00000000 00:2a 9246547088009410063        /sw/parallel/openmpi/snowy-centos7/4.1.5gcc13.1.0/lib/openmpi/mca_btl_sm.so
2adf12952000-2adf12b51000 ---p 00001000 00:2a 9246547088009410063        /sw/parallel/openmpi/snowy-centos7/4.1.5gcc13.1.0/lib/openmpi/mca_btl_sm.so
2adf12b51000-2adf12b52000 r--p 00000000 00:2a 9246547088009410063        /sw/parallel/openmpi/snowy-centos7/4.1.5gcc13.1.0/lib/openmpi/mca_btl_sm.so
2adf12b52000-2adf12b53000 rw-p 00001000 00:2a 9246547088009410063        /sw/parallel/openmpi/snowy-centos7/4.1.5gcc13.1.0/lib/openmpi/mca_btl_sm.so
2adf12b53000-2adf12b63000 r-xp 00000000 00:2a 9246547088009410066        /sw/parallel/openmpi/snowy-centos7/4.1.5gcc13.1.0/lib/openmpi/mca_btl_tcp.so
2adf12b63000-2adf12d63000 ---p 00010000 00:2a 9246547088009410066        /sw/parallel/openmpi/snowy-centos7/4.1.5gcc13.1.0/lib/openmpi/mca_btl_tcp.so
2adf12d63000-2adf12d64000 r--p 00010000 00:2a 9246547088009410066        /sw/parallel/openmpi/snowy-centos7/4.1.5gcc13.1.0/lib/openmpi/mca_btl_tcp.so
2adf12d64000-2adf12d66000 rw-p 00011000 00:2a 9246547088009410066        /sw/parallel/openmpi/snowy-centos7/4.1.5gcc13.1.0/lib/openmpi/mca_btl_tcp.so
2adf12d66000-2adf12d70000 r-xp 00000000 00:2a 9246547088009410069        /sw/parallel/openmpi/snowy-centos7/4.1.5gcc13.1.0/lib/openmpi/mca_btl_vader.so
2adf12d70000-2adf12f6f000 ---p 0000a000 00:2a 9246547088009410069        /sw/parallel/openmpi/snowy-centos7/4.1.5gcc13.1.0/lib/openmpi/mca_btl_vader.so
2adf12f6f000-2adf12f70000 r--p 00009000 00:2a 9246547088009410069        /sw/parallel/openmpi/snowy-centos7/4.1.5gcc13.1.0/lib/openmpi/mca_btl_vader.so
2adf12f70000-2adf12f72000 rw-p 0000a000 00:2a 9246547088009410069        /sw/parallel/openmpi/snowy-centos7/4.1.5gcc13.1.0/lib/openmpi/mca_btl_vader.so
2adf12f72000-2adf12f7a000 r-xp 00000000 09:01 1069316                    /usr/lib64/libibverbs/libhns-rdmav22.so
2adf12f7a000-2adf13179000 ---p 00008000 09:01 1069316                    /usr/lib64/libibverbs/libhns-rdmav22.so
2adf13179000-2adf1317a000 r--p 00007000 09:01 1069316                    /usr/lib64/libibverbs/libhns-rdmav22.so
2adf1317a000-2adf1317b000 rw-p 00008000 09:01 1069316                    /usr/lib64/libibverbs/libhns-rdmav22.so
2adf1317b000-2adf13184000 r-xp 00000000 09:01 1069324                    /usr/lib64/libibverbs/libqedr-rdmav22.so
2adf13184000-2adf13383000 ---p 00009000 09:01 1069324                    /usr/lib64/libibverbs/libqedr-rdmav22.so
2adf13383000-2adf13384000 r--p 00008000 09:01 1069324                    /usr/lib64/libibverbs/libqedr-rdmav22.so
2adf13384000-2adf13385000 rw-p 00009000 09:01 1069324                    /usr/lib64/libibverbs/libqedr-rdmav22.so
2adf13385000-2adf1338c000 r-xp 00000000 09:01 1069317                    /usr/lib64/libibverbs/libi40iw-rdmav22.so
2adf1338c000-2adf1358b000 ---p 00007000 09:01 1069317                    /usr/lib64/libibverbs/libi40iw-rdmav22.so
2adf1358b000-2adf1358c000 r--p 00006000 09:01 1069317                    /usr/lib64/libibverbs/libi40iw-rdmav22.so
2adf1358c000-2adf1358d000 rw-p 00007000 09:01 1069317                    /usr/lib64/libibverbs/libi40iw-rdmav22.so
2adf1358d000-2adf13593000 r-xp 00000000 09:01 1069323                    /usr/lib64/libibverbs/libocrdma-rdmav22.so
2adf13593000-2adf13792000 ---p 00006000 09:01 1069323                    /usr/lib64/libibverbs/libocrdma-rdmav22.so
2adf13792000-2adf13793000 r--p 00005000 09:01 1069323                    /usr/lib64/libibverbs/libocrdma-rdmav22.so
2adf13793000-2adf13794000 rw-p 00006000 09:01 1069323                    /usr/lib64/libibverbs/libocrdma-rdmav22.so
2adf13794000-2adf13799000 r-xp 00000000 09:01 1069322                    /usr/lib64/libibverbs/libnes-rdmav22.so
2adf13799000-2adf13999000 ---p 00005000 09:01 1069322                    /usr/lib64/libibverbs/libnes-rdmav22.so
2adf13999000-2adf1399a000 r--p 00005000 09:01 1069322                    /usr/lib64/libibverbs/libnes-rdmav22.so
2adf1399a000-2adf1399b000 rw-p 00006000 09:01 1069322                    /usr/lib64/libibverbs/libnes-rdmav22.so
2adf1399b000-2adf139a1000 r-xp 00000000 09:01 1069312                    /usr/lib64/libibverbs/libbnxt_re-rdmav22.so
2adf139a1000-2adf13ba0000 ---p 00006000 09:01 1069312                    /usr/lib64/libibverbs/libbnxt_re-rdmav22.so
2adf13ba0000-2adf13ba1000 r--p 00005000 09:01 1069312                    /usr/lib64/libibverbs/libbnxt_re-rdmav22.so
2adf13ba1000-2adf13ba2000 rw-p 00006000 09:01 1069312                    /usr/lib64/libibverbs/libbnxt_re-rdmav22.so
2adf13ba2000-2adf13bad000 r-xp 00000000 09:01 1069328                    /usr/lib64/libmlx4.so.1.0.22.4
2adf13bad000-2adf13dac000 ---p 0000b000 09:01 1069328                    /usr/lib64/libmlx4.so.1.0.22.4
2adf13dac000-2adf13dad000 r--p 0000a000 09:01 1069328                    /usr/lib64/libmlx4.so.1.0.22.4
2adf13dad000-2adf13dae000 rw-p 0000b000 09:01 1069328                    /usr/lib64/libmlx4.so.1.0.22.4
2adf13dae000-2adf13dd5000 r-xp 00000000 09:01 1069330                    /usr/lib64/libmlx5.so.1.8.22.4
2adf13dd5000-2adf13fd4000 ---p 00027000 09:01 1069330                    /usr/lib64/libmlx5.so.1.8.22.4
2adf13fd4000-2adf13fd5000 r--p 00026000 09:01 1069330                    /usr/lib64/libmlx5.so.1.8.22.4
2adf13fd5000-2adf13fd6000 rw-p 00027000 09:01 1069330                    /usr/lib64/libmlx5.so.1.8.22.4
2adf13fd6000-2adf13ff6000 rw-p 00000000 00:00 0 
2adf14000000-2adf14021000 rw-p 00000000 00:00 0 
2adf14021000-2adf18000000 ---p 00000000 00:00 0 
2adf18000000-2adf18004000 r-xp 00000000 09:01 1069325                    /usr/lib64/libibverbs/librxe-rdmav22.so
2adf18004000-2adf18203000 ---p 00004000 09:01 1069325                    /usr/lib64/libibverbs/librxe-rdmav22.so
2adf18203000-2adf18204000 r--p 00003000 09:01 1069325                    /usr/lib64/libibverbs/librxe-rdmav22.so
2adf18204000-2adf18205000 rw-p 00004000 09:01 1069325                    /usr/lib64/libibverbs/librxe-rdmav22.so
2adf18205000-2adf1820a000 r-xp 00000000 09:01 1069313                    /usr/lib64/libibverbs/libcxgb3-rdmav22.so
2adf1820a000-2adf1840a000 ---p 00005000 09:01 1069313                    /usr/lib64/libibverbs/libcxgb3-rdmav22.so
2adf1840a000-2adf1840b000 r--p 00005000 09:01 1069313                    /usr/lib64/libibverbs/libcxgb3-rdmav22.so
2adf1840b000-2adf1840c000 rw-p 00006000 09:01 1069313                    /usr/lib64/libibverbs/libcxgb3-rdmav22.so
2adf1840c000-2adf18414000 r-xp 00000000 09:01 1069321                    /usr/lib64/libibverbs/libmthca-rdmav22.so
2adf18414000-2adf18613000 ---p 00008000 09:01 1069321                    /usr/lib64/libibverbs/libmthca-rdmav22.so
2adf18613000-2adf18614000 r--p 00007000 09:01 1069321                    /usr/lib64/libibverbs/libmthca-rdmav22.so
2adf18614000-2adf18615000 rw-p 00008000 09:01 1069321                    /usr/lib64/libibverbs/libmthca-rdmav22.so
2adf18615000-2adf18619000 r-xp 00000000 09:01 1069315                    /usr/lib64/libibverbs/libhfi1verbs-rdmav22.so
2adf18619000-2adf18818000 ---p 00004000 09:01 1069315                    /usr/lib64/libibverbs/libhfi1verbs-rdmav22.so
2adf18818000-2adf18819000 r--p 00003000 09:01 1069315                    /usr/lib64/libibverbs/libhfi1verbs-rdmav22.so
2adf18819000-2adf1881a000 rw-p 00004000 09:01 1069315                    /usr/lib64/libibverbs/libhfi1verbs-rdmav22.so
2adf1881a000-2adf18823000 r-xp 00000000 09:01 1069314                    /usr/lib64/libibverbs/libcxgb4-rdmav22.so
2adf18823000-2adf18a23000 ---p 00009000 09:01 1069314                    /usr/lib64/libibverbs/libcxgb4-rdmav22.so
2adf18a23000-2adf18a24000 r--p 00009000 09:01 1069314                    /usr/lib64/libibverbs/libcxgb4-rdmav22.so
2adf18a24000-2adf18a25000 rw-p 0000a000 09:01 1069314                    /usr/lib64/libibverbs/libcxgb4-rdmav22.so
2adf18a25000-2adf18a29000 r-xp 00000000 09:01 1069318                    /usr/lib64/libibverbs/libipathverbs-rdmav22.so
2adf18a29000-2adf18c28000 ---p 00004000 09:01 1069318                    /usr/lib64/libibverbs/libipathverbs-rdmav22.so
2adf18c28000-2adf18c29000 r--p 00003000 09:01 1069318                    /usr/lib64/libibverbs/libipathverbs-rdmav22.so
2adf18c29000-2adf18c2a000 rw-p 00004000 09:01 1069318                    /usr/lib64/libibverbs/libipathverbs-rdmav22.so
2adf18c2a000-2adf18c2e000 r-xp 00000000 09:01 1069326                    /usr/lib64/libibverbs/libvmw_pvrdma-rdmav22.so
2adf18c2e000-2adf18e2e000 ---p 00004000 09:01 1069326                    /usr/lib64/libibverbs/libvmw_pvrdma-rdmav22.so
2adf18e2e000-2adf18e2f000 r--p 00004000 09:01 1069326                    /usr/lib64/libibverbs/libvmw_pvrdma-rdmav22.so
2adf18e2f000-2adf18e30000 rw-p 00005000 09:01 1069326                    /usr/lib64/libibverbs/libvmw_pvrdma-rdmav22.so
2adf18e30000-2adf18e31000 r-xp 00000000 00:2a 9246547088009410080        /sw/parallel/openmpi/snowy-centos7/4.1.5gcc13.1.0/lib/openmpi/mca_patcher_overwrite.so
2adf18e31000-2adf19031000 ---p 00001000 00:2a 9246547088009410080        /sw/parallel/openmpi/snowy-centos7/4.1.5gcc13.1.0/lib/openmpi/mca_patcher_overwrite.so
2adf19031000-2adf19032000 r--p 00001000 00:2a 9246547088009410080        /sw/parallel/openmpi/snowy-centos7/4.1.5gcc13.1.0/lib/openmpi/mca_patcher_overwrite.so
2adf19032000-2adf19033000 rw-p 00002000 00:2a 9246547088009410080        /sw/parallel/openmpi/snowy-centos7/4.1.5gcc13.1.0/lib/openmpi/mca_patcher_overwrite.so
2adf19033000-2adf19434000 rw-s 00000000 00:13 2757274                    /dev/shm/vader_segment.s89.4024316.86060001.1
2adf19434000-2adf19438000 r-xp 00000000 00:2a 9246547088009410848        /sw/parallel/openmpi/snowy-centos7/4.1.5gcc13.1.0/lib/openmpi/mca_coll_inter.so
2adf19438000-2adf19637000 ---p 00004000 00:2a 9246547088009410848        /sw/parallel/openmpi/snowy-centos7/4.1.5gcc13.1.0/lib/openmpi/mca_coll_inter.so
2adf19637000-2adf19638000 r--p 00003000 00:2a 9246547088009410848        /sw/parallel/openmpi/snowy-centos7/4.1.5gcc13.1.0/lib/openmpi/mca_coll_inter.so
2adf19638000-2adf19639000 rw-p 00004000 00:2a 9246547088009410848        /sw/parallel/openmpi/snowy-centos7/4.1.5gcc13.1.0/lib/openmpi/mca_coll_inter.so
2adf19639000-2adf19a3a000 rw-s 00000000 00:13 2760308                    /dev/shm/vader_segment.s89.4024316.86060001.0
2adf19a49000-2adf19a6b000 r-xp 00000000 00:2a 9246547088009410900        /sw/parallel/openmpi/snowy-centos7/4.1.5gcc13.1.0/lib/openmpi/mca_pml_ob1.so
2adf19a6b000-2adf19c6a000 ---p 00022000 00:2a 9246547088009410900        /sw/parallel/openmpi/snowy-centos7/4.1.5gcc13.1.0/lib/openmpi/mca_pml_ob1.so
2adf19c6a000-2adf19c6b000 r--p 00021000 00:2a 9246547088009410900        /sw/parallel/openmpi/snowy-centos7/4.1.5gcc13.1.0/lib/openmpi/mca_pml_ob1.so
2adf19c6b000-2adf19c6c000 rw-p 00022000 00:2a 9246547088009410900        /sw/parallel/openmpi/snowy-centos7/4.1.5gcc13.1.0/lib/openmpi/mca_pml_ob1.so
2adf19c6c000-2adf19c78000 r-xp 00000000 00:2a 9246547088009410842        /sw/parallel/openmpi/snowy-centos7/4.1.5gcc13.1.0/lib/openmpi/mca_coll_adapt.so
2adf19c78000-2adf19e77000 ---p 0000c000 00:2a 9246547088009410842        /sw/parallel/openmpi/snowy-centos7/4.1.5gcc13.1.0/lib/openmpi/mca_coll_adapt.so
2adf19e77000-2adf19e78000 r--p 0000b000 00:2a 9246547088009410842        /sw/parallel/openmpi/snowy-centos7/4.1.5gcc13.1.0/lib/openmpi/mca_coll_adapt.so
2adf19e78000-2adf19e79000 rw-p 0000c000 00:2a 9246547088009410842        /sw/parallel/openmpi/snowy-centos7/4.1.5gcc13.1.0/lib/openmpi/mca_coll_adapt.so
2adf19e79000-2adf19e8b000 r-xp 00000000 00:2a 9246547088009410844        /sw/parallel/openmpi/snowy-centos7/4.1.5gcc13.1.0/lib/openmpi/mca_coll_basic.so
2adf19e8b000-2adf1a08a000 ---p 00012000 00:2a 9246547088009410844        /sw/parallel/openmpi/snowy-centos7/4.1.5gcc13.1.0/lib/openmpi/mca_coll_basic.so
2adf1a08a000-2adf1a08b000 r--p 00011000 00:2a 9246547088009410844        /sw/parallel/openmpi/snowy-centos7/4.1.5gcc13.1.0/lib/openmpi/mca_coll_basic.so
2adf1a08b000-2adf1a08c000 rw-p 00012000 00:2a 9246547088009410844        /sw/parallel/openmpi/snowy-centos7/4.1.5gcc13.1.0/lib/openmpi/mca_coll_basic.so
2adf1a08c000-2adf1a0a5000 r-xp 00000000 00:2a 9246547088009410846        /sw/parallel/openmpi/snowy-centos7/4.1.5gcc13.1.0/lib/openmpi/mca_coll_han.so
2adf1a0a5000-2adf1a2a5000 ---p 00019000 00:2a 9246547088009410846        /sw/parallel/openmpi/snowy-centos7/4.1.5gcc13.1.0/lib/openmpi/mca_coll_han.so
2adf1a2a5000-2adf1a2a6000 r--p 00019000 00:2a 9246547088009410846        /sw/parallel/openmpi/snowy-centos7/4.1.5gcc13.1.0/lib/openmpi/mca_coll_han.so
2adf1a2a6000-2adf1a2a7000 rw-p 0001a000 00:2a 9246547088009410846        /sw/parallel/openmpi/snowy-centos7/4.1.5gcc13.1.0/lib/openmpi/mca_coll_han.so
2adf1a2a7000-2adf1a2c8000 r-xp 00000000 00:2a 9246547088009410850        /sw/parallel/openmpi/snowy-centos7/4.1.5gcc13.1.0/lib/openmpi/mca_coll_libnbc.so
2adf1a2c8000-2adf1a4c8000 ---p 00021000 00:2a 9246547088009410850        /sw/parallel/openmpi/snowy-centos7/4.1.5gcc13.1.0/lib/openmpi/mca_coll_libnbc.so
2adf1a4c8000-2adf1a4c9000 r--p 00021000 00:2a 9246547088009410850        /sw/parallel/openmpi/snowy-centos7/4.1.5gcc13.1.0/lib/openmpi/mca_coll_libnbc.so
2adf1a4c9000-2adf1a4ca000 rw-p 00022000 00:2a 9246547088009410850        /sw/parallel/openmpi/snowy-centos7/4.1.5gcc13.1.0/lib/openmpi/mca_coll_libnbc.so
2adf1a4ca000-2adf1a4cc000 r-xp 00000000 00:2a 9246547088009410852        /sw/parallel/openmpi/snowy-centos7/4.1.5gcc13.1.0/lib/openmpi/mca_coll_self.so
2adf1a4cc000-2adf1a6cc000 ---p 00002000 00:2a 9246547088009410852        /sw/parallel/openmpi/snowy-centos7/4.1.5gcc13.1.0/lib/openmpi/mca_coll_self.so
2adf1a6cc000-2adf1a6cd000 r--p 00002000 00:2a 9246547088009410852        /sw/parallel/openmpi/snowy-centos7/4.1.5gcc13.1.0/lib/openmpi/mca_coll_self.so
2adf1a6cd000-2adf1a6ce000 rw-p 00003000 00:2a 9246547088009410852        /sw/parallel/openmpi/snowy-centos7/4.1.5gcc13.1.0/lib/openmpi/mca_coll_self.so
2adf1a6ce000-2adf1a6d7000 r-xp 00000000 00:2a 9246547088009410855        /sw/parallel/openmpi/snowy-centos7/4.1.5gcc13.1.0/lib/openmpi/mca_coll_sm.so
2adf1a6d7000-2adf1a8d6000 ---p 00009000 00:2a 9246547088009410855        /sw/parallel/openmpi/snowy-centos7/4.1.5gcc13.1.0/lib/openmpi/mca_coll_sm.so
2adf1a8d6000-2adf1a8d7000 r--p 00008000 00:2a 9246547088009410855        /sw/parallel/openmpi/snowy-centos7/4.1.5gcc13.1.0/lib/openmpi/mca_coll_sm.so
2adf1a8d7000-2adf1a8d8000 rw-p 00009000 00:2a 9246547088009410855        /sw/parallel/openmpi/snowy-centos7/4.1.5gcc13.1.0/lib/openmpi/mca_coll_sm.so
2adf1a8d8000-2adf1a8da000 r-xp 00000000 00:2a 9246547088009410038        /sw/parallel/openmpi/snowy-centos7/4.1.5gcc13.1.0/lib/libmca_common_sm.so.40.30.0
2adf1a8da000-2adf1aad9000 ---p 00002000 00:2a 9246547088009410038        /sw/parallel/openmpi/snowy-centos7/4.1.5gcc13.1.0/lib/libmca_common_sm.so.40.30.0
2adf1aad9000-2adf1aada000 r--p 00001000 00:2a 9246547088009410038        /sw/parallel/openmpi/snowy-centos7/4.1.5gcc13.1.0/lib/libmca_common_sm.so.40.30.0
2adf1aada000-2adf1aadb000 rw-p 00002000 00:2a 9246547088009410038        /sw/parallel/openmpi/snowy-centos7/4.1.5gcc13.1.0/lib/libmca_common_sm.so.40.30.0
2adf1aadb000-2adf1aade000 r-xp 00000000 00:2a 9246547088009410858        /sw/parallel/openmpi/snowy-centos7/4.1.5gcc13.1.0/lib/openmpi/mca_coll_sync.so
2adf1aade000-2adf1acde000 ---p 00003000 00:2a 9246547088009410858        /sw/parallel/openmpi/snowy-centos7/4.1.5gcc13.1.0/lib/openmpi/mca_coll_sync.so
2adf1acde000-2adf1acdf000 r--p 00003000 00:2a 9246547088009410858        /sw/parallel/openmpi/snowy-centos7/4.1.5gcc13.1.0/lib/openmpi/mca_coll_sync.so
2adf1acdf000-2adf1ace0000 rw-p 00004000 00:2a 9246547088009410858        /sw/parallel/openmpi/snowy-centos7/4.1.5gcc13.1.0/lib/openmpi/mca_coll_sync.so
2adf1ace0000-2adf1acf1000 r-xp 00000000 00:2a 9246547088009410860        /sw/parallel/openmpi/snowy-centos7/4.1.5gcc13.1.0/lib/openmpi/mca_coll_tuned.so
2adf1acf1000-2adf1aef1000 ---p 00011000 00:2a 9246547088009410860        /sw/parallel/openmpi/snowy-centos7/4.1.5gcc13.1.0/lib/openmpi/mca_coll_tuned.so
2adf1aef1000-2adf1aef2000 r--p 00011000 00:2a 9246547088009410860        /sw/parallel/openmpi/snowy-centos7/4.1.5gcc13.1.0/lib/openmpi/mca_coll_tuned.so
2adf1aef2000-2adf1aef3000 rw-p 00012000 00:2a 9246547088009410860        /sw/parallel/openmpi/snowy-centos7/4.1.5gcc13.1.0/lib/openmpi/mca_coll_tuned.so
2adf1aef3000-2adf1aef4000 rw-p 00000000 00:00 0 
2adf1aef4000-2adf1af75000 rw-p 00000000 00:00 0 
2adf1af75000-2adf1af77000 rw-p 00000000 00:00 0 
2adf1af77000-2adf1aff8000 rw-p 00000000 00:00 0 
2adf1aff8000-2adf1aff9000 rw-p 00000000 00:00 0 
2adf1aff9000-2adf1b0f9000 rw-p 00000000 00:00 0 
2adf1b102000-2adf1b108000 r-xp 00000000 00:2a 9246547088009410886        /sw/parallel/openmpi/snowy-centos7/4.1.5gcc13.1.0/lib/openmpi/mca_osc_sm.so
2adf1b108000-2adf1b307000 ---p 00006000 00:2a 9246547088009410886        /sw/parallel/openmpi/snowy-centos7/4.1.5gcc13.1.0/lib/openmpi/mca_osc_sm.so
2adf1b307000-2adf1b308000 r--p 00005000 00:2a 9246547088009410886        /sw/parallel/openmpi/snowy-centos7/4.1.5gcc13.1.0/lib/openmpi/mca_osc_sm.so
2adf1b308000-2adf1b30a000 rw-p 00006000 00:2a 9246547088009410886        /sw/parallel/openmpi/snowy-centos7/4.1.5gcc13.1.0/lib/openmpi/mca_osc_sm.so
2adf1b30a000-2adf1b40a000 rw-p 00000000 00:00 0 
2adf1b40a000-2adf1b40b000 rw-p 00000000 00:00 0 
2adf1b40b000-2adf1b46c000 rw-p 00000000 00:00 0 
2adf1b46c000-2adf1b46e000 rw-p 00000000 00:00 0 
2adf1b46e000-2adf1b4cf000 rw-p 00000000 00:00 0 
2adf1b4cf000-2adf1b4d0000 rw-p 00000000 00:00 0 
2adf1b515000-2adf1b530000 r-xp 00000000 00:2a 9246547088009410891        /sw/parallel/openmpi/snowy-centos7/4.1.5gcc13.1.0/lib/openmpi/mca_osc_pt2pt.so
2adf1b530000-2adf1b730000 ---p 0001b000 00:2a 9246547088009410891        /sw/parallel/openmpi/snowy-centos7/4.1.5gcc13.1.0/lib/openmpi/mca_osc_pt2pt.so
2adf1b730000-2adf1b731000 r--p 0001b000 00:2a 9246547088009410891        /sw/parallel/openmpi/snowy-centos7/4.1.5gcc13.1.0/lib/openmpi/mca_osc_pt2pt.so
2adf1b731000-2adf1b732000 rw-p 0001c000 00:2a 9246547088009410891        /sw/parallel/openmpi/snowy-centos7/4.1.5gcc13.1.0/lib/openmpi/mca_osc_pt2pt.so
2adf1b732000-2adf1b751000 r-xp 00000000 00:2a 9246547088009410893        /sw/parallel/openmpi/snowy-centos7/4.1.5gcc13.1.0/lib/openmpi/mca_osc_rdma.so
2adf1b751000-2adf1b951000 ---p 0001f000 00:2a 9246547088009410893        /sw/parallel/openmpi/snowy-centos7/4.1.5gcc13.1.0/lib/openmpi/mca_osc_rdma.so
2adf1b951000-2adf1b952000 r--p 0001f000 00:2a 9246547088009410893        /sw/parallel/openmpi/snowy-centos7/4.1.5gcc13.1.0/lib/openmpi/mca_osc_rdma.so
2adf1b952000-2adf1b953000 rw-p 00020000 00:2a 9246547088009410893        /sw/parallel/openmpi/snowy-centos7/4.1.5gcc13.1.0/lib/openmpi/mca_osc_rdma.so
2adf1b953000-2adf1b954000 rw-p 00000000 00:00 0 
2adf1b954000-2adf1b9b5000 rw-p 00000000 00:00 0 
2adf1b9b5000-2adf1b9b7000 rw-p 00000000 00:00 0 
2adf1b9b7000-2adf1ba18000 rw-p 00000000 00:00 0 
2adf1ba18000-2adf1ba1a000 rw-p 00000000 00:00 0 
2adf1ba1a000-2adf1ba7b000 rw-p 00000000 00:00 0 
2adf1ba7b000-2adf1ba7d000 rw-p 00000000 00:00 0 
2adf1ba7d000-2adf1bade000 rw-p 00000000 00:00 0 
2adf1bade000-2adf1bae0000 rw-p 00000000 00:00 0 
2adf1bae0000-2adf1bb41000 rw-p 00000000 00:00 0 
2adf1bb41000-2adf1bb43000 rw-p 00000000 00:00 0 
2adf1bb43000-2adf1bba4000 rw-p 00000000 00:00 0 
2adf1bba4000-2adf1bba6000 rw-p 00000000 00:00 0 
2adf1bba6000-2adf1bda7000 rw-p 00000000 00:00 0 
2adf1bda7000-2adf1bda9000 rw-p 00000000 00:00 0 
2adf1bda9000-2adf1bfaa000 rw-p 00000000 00:00 0 
2adf1bfaa000-2adf1bfac000 rw-p 00000000 00:00 0 
2adf1bfac000-2adf1c1ad000 rw-p 00000000 00:00 0 
2adf1c1ad000-2adf1c1af000 rw-p 00000000 00:00 0 
2adf1c1af000-2adf1c3b0000 rw-p 00000000 00:00 0 
2adf1c3b0000-2adf1c3b2000 rw-p 00000000 00:00 0 
2adf1c3b2000-2adf1c5b3000 rw-p 00000000 00:00 0 
2adf1c5b3000-2adf1c5b5000 rw-p 00000000 00:00 0 
2adf1c5b5000-2adf1c7b6000 rw-p 00000000 00:00 0 
2adf1c7b6000-2adf1c7b8000 rw-p 00000000 00:00 0 
2adf1c7b8000-2adf1c9b9000 rw-p 00000000 00:00 0 
2adf1c9b9000-2adf1c9bb000 rw-p 00000000 00:00 0 
2adf1c9bb000-2adf1cbbc000 rw-p 00000000 00:00 0 
2adf1cbbc000-2adf93f17000 rw-p 00000000 00:00 0 
7ffdfeb66000-7ffdfeb89000 rw-p 00000000 00:00 0                          [stack]
7ffdfebcb000-7ffdfebcd000 r-xp 00000000 00:00 0                          [vdso]
ffffffffff600000-ffffffffff601000 r-xp 00000000 00:00 0                  [vsyscall]
[s89:40730] *** Process received signal ***
[s89:40730] Signal: Aborted (6)
[s89:40730] Signal code:  (-6)
[s89:40730] [ 0] /lib64/libpthread.so.0(+0xf630)[0x2adf05b51630]
[s89:40730] [ 1] /lib64/libc.so.6(gsignal+0x37)[0x2adf05d94387]
[s89:40730] [ 2] /lib64/libc.so.6(abort+0x148)[0x2adf05d95a78]
[s89:40730] [ 3] /lib64/libc.so.6(+0x78f67)[0x2adf05dd6f67]
[s89:40730] [ 4] /lib64/libc.so.6(+0x7f474)[0x2adf05ddd474]
[s89:40730] [ 5] ./quicksort[0x401076]
[s89:40730] [ 6] /lib64/libc.so.6(__libc_start_main+0xf5)[0x2adf05d80555]
[s89:40730] [ 7] ./quicksort[0x40139f]
[s89:40730] *** End of error message ***
--------------------------------------------------------------------------
Primary job  terminated normally, but 1 process returned
a non-zero exit code. Per user-direction, the job has been aborted.
--------------------------------------------------------------------------
--------------------------------------------------------------------------
mpirun noticed that process rank 1 with PID 40730 on node s89 exited on signal 6 (Aborted).
--------------------------------------------------------------------------
