2 2 125000000
1.225840
2 2 250000000
2.301637
2 2 500000000
4.604237
2 2 1000000000
9.125843
2 32 125000000
0.477752
2 32 250000000
1.014843
2 32 500000000
2.057734
2 32 1000000000
4.079232
3 2 125000000
1.135737
3 2 250000000
2.264719
3 2 500000000
4.613261
3 2 1000000000
slurmstepd: error: *** JOB 7856672 ON s36 CANCELLED AT 2023-05-12T09:53:34 DUE TO TIME LIMIT ***
--------------------------------------------------------------------------
ORTE has lost communication with a remote daemon.

  HNP daemon   : [[17344,0],0] on node s36
  Remote daemon: [[17344,0],1] on node s37

This is usually due to either a failure of the TCP network
connection to the node, or possibly an internal failure of
the daemon itself. We cannot recover from this failure, and
therefore will terminate the job.
--------------------------------------------------------------------------
