1 2 125000000
1.141094
1 2 250000000
2.294890
1 2 500000000
4.675642
1 2 1000000000
9.392666
1 32 125000000
0.462450
1 32 250000000
0.994976
1 32 500000000
2.003648
1 32 1000000000
4.009466
2 2 125000000
1.140971
2 2 250000000
2.311664
2 2 500000000
4.660430
2 2 1000000000
slurmstepd: error: *** JOB 7856370 ON s140 CANCELLED AT 2023-05-11T22:15:16 DUE TO TIME LIMIT ***
--------------------------------------------------------------------------
ORTE has lost communication with a remote daemon.

  HNP daemon   : [[9415,0],0] on node s140
  Remote daemon: [[9415,0],1] on node s159

This is usually due to either a failure of the TCP network
connection to the node, or possibly an internal failure of
the daemon itself. We cannot recover from this failure, and
therefore will terminate the job.
--------------------------------------------------------------------------
