Extracting and entering A3 directory
Building
rm -f quicksort
mpicc -std=c99 -g -O3 -o quicksort revised3_main.c -lm
revised3_main.c: In function 'main':
revised3_main.c:81:51: warning: passing argument 5 of 'splitGroup' from incompatible pointer type [-Wincompatible-pointer-types]
   81 |         splitGroup(MPI_COMM_WORLD, rank, size, 0, &groups);
      |                                                   ^~~~~~~
      |                                                   |
      |                                                   struct ompi_communicator_t * (*)[(int)log2((double)size)]
revised3_main.c:24:75: note: expected 'struct ompi_communicator_t **' but argument is of type 'struct ompi_communicator_t * (*)[(int)log2((double)size)]'
   24 | void splitGroup(MPI_Comm curr_group, int rank, int size, int n, MPI_Comm* groups);
      |                                                                 ~~~~~~~~~~^~~~~~
OK
Checking result of serial runs
OK
Checking format of output
OK
Checking result of parallel runs
OK
rm -f quicksort
Your file is ready for submission. Well done!
