Pivot = 14.500000 
h_high = 2, l_low = 2 
Recv_done
recv_size_low = 4 
Pivot = 14.500000 
h_high = 0, l_low = 4 
Recv_done
recv_size_low = 4 
Pivot = 14.500000 
h_high = 0, l_low = 4 
Recv_done
Pivot = 14.500000 
h_high = 0, l_low = 4 
Recv_done
Pivot = 7.500000 
h_high = 3, l_low = 3 
Pivot = 7.500000 
h_high = 4, l_low = 4 
Recv_done
Pivot = 15.500000 
h_high = 1, l_low = 1 
Recv_done
recv_size_low = 0 
Pivot = 15.500000 
h_high = 0, l_low = 0 
Recv_done
Recv_done
recv_size_low = 4 
val 15.000000 
val 16.000000 
val 0.000000 
val 0.000000 
val 16.000000 
val 0.000000 
val 0.000000 
val 0.000000 
val 8.000000 
val 9.000000 
val 10.000000 
val 11.000000 
val 1.000000 
val 2.000000 
val 3.000000 
val 4.000000 
